<?xml version="1.0" encoding="UTF-8"?>
<!-- Generated by org.testng.reporters.JUnitXMLReporter -->
<testsuite hostname="INLF6DLLH2" name="Default test" tests="3" failures="0" timestamp="19 Aug 2019 06:36:05 GMT" time="223.049" errors="0">
  <testcase name="verifyHomePage" time="0.185" classname="com.tdm.qa.testcases.HomePageTest"/>
  <testcase name="validateGoogleSearch" time="23.131" classname="com.tdm.qa.testcases.HomePageTest"/>
  <testcase name="validateNielsenSearch" time="25.496" classname="com.tdm.qa.testcases.HomePageTest"/>
</testsuite> <!-- Default test -->
