<?xml version="1.0" encoding="UTF-8"?>
<!-- Generated by org.testng.reporters.JUnitXMLReporter -->
<testsuite hostname="INLF6DLLH2" name="Default test" tests="6" failures="0" timestamp="26 Sep 2019 07:39:55 GMT" time="612.55" errors="0">
  <testcase name="verifySavedQueryPage" time="0.4" classname="com.tdm.qa.testcases.SavedQueryPageTest"/>
  <testcase name="verifyApplySearch" time="24.013" classname="com.tdm.qa.testcases.SavedQueryPageTest"/>
  <testcase name="saveAsQuery" time="88.514" classname="com.tdm.qa.testcases.SavedQueryPageTest"/>
  <testcase name="saveQuery" time="52.297" classname="com.tdm.qa.testcases.SavedQueryPageTest"/>
  <testcase name="clickOnReset" time="36.653" classname="com.tdm.qa.testcases.SavedQueryPageTest"/>
  <testcase name="deleteQuery" time="11.331" classname="com.tdm.qa.testcases.SavedQueryPageTest"/>
</testsuite> <!-- Default test -->
