<?xml version="1.0" encoding="UTF-8"?>
<!-- Generated by org.testng.reporters.JUnitXMLReporter -->
<testsuite hostname="INLF6DLLH2" name="Command line test" tests="28" failures="0" timestamp="12 Sep 2019 11:21:58 GMT" time="2.191" errors="0">
  <testcase name="@BeforeTest setUp" time="0.0" classname="com.tdm.qa.testcases.AboutPageTest">
    <failure type="java.lang.NullPointerException">
      <![CDATA[java.lang.NullPointerException
	at org.openqa.selenium.support.pagefactory.DefaultElementLocator.findElement(DefaultElementLocator.java:69)
	at org.openqa.selenium.support.pagefactory.internal.LocatingElementHandler.invoke(LocatingElementHandler.java:38)
	at com.sun.proxy.$Proxy10.sendKeys(Unknown Source)
	at com.tdm.qa.pages.LoginPage.login(LoginPage.java:51)
	at com.tdm.qa.testcases.AboutPageTest.setUp(AboutPageTest.java:32)
... Removed 32 stack frames]]>
    </failure>
  </testcase> <!-- @BeforeTest setUp -->
  <testcase name="@BeforeTest setUp" time="0.0" classname="com.tdm.qa.testcases.AboutPageTest">
    <skipped/>
  </testcase> <!-- @BeforeTest setUp -->
  <testcase name="@BeforeTest setUp" time="0.0" classname="com.tdm.qa.testcases.AboutPageTest">
    <skipped/>
  </testcase> <!-- @BeforeTest setUp -->
  <testcase name="@BeforeTest SetUp" time="0.0" classname="com.tdm.qa.testcases.AboutPageTest">
    <skipped/>
  </testcase> <!-- @BeforeTest SetUp -->
  <testcase name="@BeforeMethod setUp" time="0.0" classname="com.tdm.qa.testcases.AddNotifPageTest">
    <skipped/>
  </testcase> <!-- @BeforeMethod setUp -->
  <testcase name="@AfterMethod tearDown" time="0.0" classname="com.tdm.qa.testcases.AddNotifPageTest">
    <skipped/>
  </testcase> <!-- @AfterMethod tearDown -->
  <testcase name="@BeforeMethod setUp" time="0.0" classname="com.tdm.qa.testcases.CheckInHistoryPageTest">
    <skipped/>
  </testcase> <!-- @BeforeMethod setUp -->
  <testcase name="@AfterMethod tearDown" time="0.0" classname="com.tdm.qa.testcases.CheckInHistoryPageTest">
    <skipped/>
  </testcase> <!-- @AfterMethod tearDown -->
  <testcase name="@BeforeMethod setUp" time="0.0" classname="com.tdm.qa.testcases.CheckInPageTest">
    <skipped/>
  </testcase> <!-- @BeforeMethod setUp -->
  <testcase name="@AfterMethod tearDown" time="0.0" classname="com.tdm.qa.testcases.CheckInPageTest">
    <skipped/>
  </testcase> <!-- @AfterMethod tearDown -->
  <testcase name="@BeforeMethod setUp" time="0.0" classname="com.tdm.qa.testcases.LoginPageTest">
    <skipped/>
  </testcase> <!-- @BeforeMethod setUp -->
  <testcase name="@AfterMethod tearDown" time="0.0" classname="com.tdm.qa.testcases.LoginPageTest">
    <skipped/>
  </testcase> <!-- @AfterMethod tearDown -->
  <testcase name="@BeforeMethod setUp" time="0.0" classname="com.tdm.qa.testcases.MissingStorePageTest">
    <skipped/>
  </testcase> <!-- @BeforeMethod setUp -->
  <testcase name="@AfterMethod tearDown" time="0.0" classname="com.tdm.qa.testcases.MissingStorePageTest">
    <skipped/>
  </testcase> <!-- @AfterMethod tearDown -->
  <testcase name="@BeforeMethod setUp" time="0.0" classname="com.tdm.qa.testcases.OwnDataPageTest">
    <skipped/>
  </testcase> <!-- @BeforeMethod setUp -->
  <testcase name="@AfterMethod tearDown" time="0.0" classname="com.tdm.qa.testcases.OwnDataPageTest">
    <skipped/>
  </testcase> <!-- @AfterMethod tearDown -->
  <testcase name="@BeforeMethod setUp" time="0.0" classname="com.tdm.qa.testcases.SavedQueryPageTest">
    <skipped/>
  </testcase> <!-- @BeforeMethod setUp -->
  <testcase name="@AfterMethod tearDown" time="0.0" classname="com.tdm.qa.testcases.SavedQueryPageTest">
    <skipped/>
  </testcase> <!-- @AfterMethod tearDown -->
  <testcase name="@BeforeMethod setUp" time="0.0" classname="com.tdm.qa.testcases.AdvSearchPageTest">
    <skipped/>
  </testcase> <!-- @BeforeMethod setUp -->
  <testcase name="@AfterMethod tearDown" time="0.0" classname="com.tdm.qa.testcases.HierarchiesPageTest">
    <skipped/>
  </testcase> <!-- @AfterMethod tearDown -->
  <testcase name="@BeforeMethod setUp" time="0.0" classname="com.tdm.qa.testcases.HomePageTest">
    <skipped/>
  </testcase> <!-- @BeforeMethod setUp -->
  <testcase name="@AfterMethod tearDown" time="0.0" classname="com.tdm.qa.testcases.HomePageTest">
    <skipped/>
  </testcase> <!-- @AfterMethod tearDown -->
  <testcase name="@BeforeMethod setUp" time="0.0" classname="com.tdm.qa.testcases.MoreOptionPageTest">
    <skipped/>
  </testcase> <!-- @BeforeMethod setUp -->
  <testcase name="@AfterMethod tearDown" time="0.0" classname="com.tdm.qa.testcases.MoreOptionPageTest">
    <skipped/>
  </testcase> <!-- @AfterMethod tearDown -->
  <testcase name="@BeforeMethod setUp" time="0.0" classname="com.tdm.qa.testcases.NearMePageTest">
    <skipped/>
  </testcase> <!-- @BeforeMethod setUp -->
  <testcase name="@AfterMethod tearDown" time="0.0" classname="com.tdm.qa.testcases.NearMePageTest">
    <skipped/>
  </testcase> <!-- @AfterMethod tearDown -->
  <testcase name="@BeforeMethod setUp" time="0.0" classname="com.tdm.qa.testcases.NotificationsPageTest">
    <skipped/>
  </testcase> <!-- @BeforeMethod setUp -->
  <testcase name="@AfterMethod tearDown" time="0.0" classname="com.tdm.qa.testcases.NotificationsPageTest">
    <skipped/>
  </testcase> <!-- @AfterMethod tearDown -->
  <testcase name="@AfterMethod tearDown" time="0.005" classname="com.tdm.qa.testcases.OfflineDataPageTest">
    <skipped/>
  </testcase> <!-- @AfterMethod tearDown -->
  <testcase name="@BeforeMethod setUp" time="0.0" classname="com.tdm.qa.testcases.PrevCheckinPageTest">
    <skipped/>
  </testcase> <!-- @BeforeMethod setUp -->
  <testcase name="@BeforeMethod setUp" time="0.0" classname="com.tdm.qa.testcases.SelectFieldPageTest">
    <skipped/>
  </testcase> <!-- @BeforeMethod setUp -->
  <testcase name="@AfterMethod tearDown" time="0.0" classname="com.tdm.qa.testcases.SelectFieldPageTest">
    <skipped/>
  </testcase> <!-- @AfterMethod tearDown -->
  <testcase name="@BeforeMethod setUp" time="0.0" classname="com.tdm.qa.testcases.SettingsEditPageTest">
    <skipped/>
  </testcase> <!-- @BeforeMethod setUp -->
  <testcase name="@BeforeMethod setUp" time="0.0" classname="com.tdm.qa.testcases.SignOutPageTest">
    <skipped/>
  </testcase> <!-- @BeforeMethod setUp -->
  <testcase name="@BeforeMethod setUp" time="0.0" classname="com.tdm.qa.testcases.StoreDetailsPageTest">
    <skipped/>
  </testcase> <!-- @BeforeMethod setUp -->
  <testcase name="@AfterMethod tearDown" time="0.0" classname="com.tdm.qa.testcases.StoreDetailsPageTest">
    <skipped/>
  </testcase> <!-- @AfterMethod tearDown -->
  <testcase name="@BeforeMethod setUp" time="0.0" classname="com.tdm.qa.testcases.HomePageTest">
    <skipped/>
  </testcase> <!-- @BeforeMethod setUp -->
  <testcase name="@AfterMethod tearDown" time="0.0" classname="com.tdm.qa.testcases.HomePageTest">
    <skipped/>
  </testcase> <!-- @AfterMethod tearDown -->
  <testcase name="@BeforeMethod setUp" time="0.0" classname="com.tdm.qa.testcases.SelectFieldPageTest">
    <skipped/>
  </testcase> <!-- @BeforeMethod setUp -->
  <testcase name="@AfterMethod tearDown" time="0.0" classname="com.tdm.qa.testcases.SelectFieldPageTest">
    <skipped/>
  </testcase> <!-- @AfterMethod tearDown -->
  <testcase name="@BeforeMethod setUp" time="0.0" classname="com.tdm.qa.testcases.SettingsEditPageTest">
    <skipped/>
  </testcase> <!-- @BeforeMethod setUp -->
  <testcase name="@BeforeMethod setUp" time="0.0" classname="com.tdm.qa.testcases.SettingsPageTest">
    <skipped/>
  </testcase> <!-- @BeforeMethod setUp -->
  <testcase name="@AfterMethod tearDown" time="0.0" classname="com.tdm.qa.testcases.SettingsPageTest">
    <skipped/>
  </testcase> <!-- @AfterMethod tearDown -->
  <testcase name="@BeforeMethod setUp" time="0.0" classname="com.tdm.qa.testcases.SignOutPageTest">
    <skipped/>
  </testcase> <!-- @BeforeMethod setUp -->
  <testcase name="@BeforeMethod setUp" time="0.0" classname="com.tdm.qa.testcases.StoreDetailsPageTest">
    <skipped/>
  </testcase> <!-- @BeforeMethod setUp -->
  <testcase name="@AfterMethod tearDown" time="0.0" classname="com.tdm.qa.testcases.StoreDetailsPageTest">
    <skipped/>
  </testcase> <!-- @AfterMethod tearDown -->
  <testcase name="@BeforeMethod setUp" time="0.0" classname="com.tdm.qa.testcases.HomePageTest">
    <skipped/>
  </testcase> <!-- @BeforeMethod setUp -->
  <testcase name="@AfterMethod tearDown" time="0.0" classname="com.tdm.qa.testcases.HomePageTest">
    <skipped/>
  </testcase> <!-- @AfterMethod tearDown -->
  <testcase name="@AfterTest tearDown" time="0.0" classname="com.tdm.qa.testcases.AboutPageTest">
    <skipped/>
  </testcase> <!-- @AfterTest tearDown -->
  <testcase name="@AfterTest tearDown" time="0.0" classname="com.tdm.qa.testcases.AboutPageTest">
    <skipped/>
  </testcase> <!-- @AfterTest tearDown -->
  <testcase name="@AfterTest tearDown" time="0.0" classname="com.tdm.qa.testcases.AboutPageTest">
    <skipped/>
  </testcase> <!-- @AfterTest tearDown -->
  <testcase name="@AfterTest tearDown" time="0.0" classname="com.tdm.qa.testcases.AboutPageTest">
    <skipped/>
  </testcase> <!-- @AfterTest tearDown -->
  <testcase name="validateAboutPage" time="0.001" classname="com.tdm.qa.testcases.AboutPageTest">
    <skipped/>
  </testcase> <!-- validateAboutPage -->
  <testcase name="addNotification" time="0.0" classname="com.tdm.qa.testcases.AddNotifPageTest">
    <skipped/>
  </testcase> <!-- addNotification -->
  <testcase name="verifyCheckInHist" time="0.0" classname="com.tdm.qa.testcases.CheckInHistoryPageTest">
    <skipped/>
  </testcase> <!-- verifyCheckInHist -->
  <testcase name="checkInComm" time="0.0" classname="com.tdm.qa.testcases.CheckInPageTest">
    <skipped/>
  </testcase> <!-- checkInComm -->
  <testcase name="loginTest" time="0.0" classname="com.tdm.qa.testcases.LoginPageTest">
    <skipped/>
  </testcase> <!-- loginTest -->
  <testcase name="enterMissigStoreDetails" time="0.0" classname="com.tdm.qa.testcases.MissingStorePageTest">
    <skipped/>
  </testcase> <!-- enterMissigStoreDetails -->
  <testcase name="fillOwnData" time="0.001" classname="com.tdm.qa.testcases.OwnDataPageTest">
    <skipped/>
  </testcase> <!-- fillOwnData -->
  <testcase name="verifySavedQueryPage" time="0.0" classname="com.tdm.qa.testcases.SavedQueryPageTest">
    <skipped/>
  </testcase> <!-- verifySavedQueryPage -->
  <testcase name="saveQuery" time="0.0" classname="com.tdm.qa.testcases.AdvSearchPageTest">
    <skipped/>
  </testcase> <!-- saveQuery -->
  <testcase name="selectStoreAcc" time="0.0" classname="com.tdm.qa.testcases.HierarchiesPageTest">
    <skipped/>
  </testcase> <!-- selectStoreAcc -->
  <testcase name="verifyHomePage" time="0.0" classname="com.tdm.qa.testcases.HomePageTest">
    <skipped/>
  </testcase> <!-- verifyHomePage -->
  <testcase name="verifyMoreOptionpopup" time="0.001" classname="com.tdm.qa.testcases.MoreOptionPageTest">
    <skipped/>
  </testcase> <!-- verifyMoreOptionpopup -->
  <testcase name="validateNavigationOption" time="0.0" classname="com.tdm.qa.testcases.NearMePageTest">
    <skipped/>
  </testcase> <!-- validateNavigationOption -->
  <testcase name="missingStore" time="0.0" classname="com.tdm.qa.testcases.NotificationsPageTest">
    <skipped/>
  </testcase> <!-- missingStore -->
  <testcase name="verifyOfflineDataPage" time="0.001" classname="com.tdm.qa.testcases.OfflineDataPageTest">
    <skipped/>
  </testcase> <!-- verifyOfflineDataPage -->
  <testcase name="validatePrevCheckin" time="0.004" classname="com.tdm.qa.testcases.PrevCheckinPageTest">
    <skipped/>
  </testcase> <!-- validatePrevCheckin -->
  <testcase name="setLegendAndSettingsPage" time="0.0" classname="com.tdm.qa.testcases.SelectFieldPageTest">
    <skipped/>
  </testcase> <!-- setLegendAndSettingsPage -->
  <testcase name="assignIcon" time="0.0" classname="com.tdm.qa.testcases.SettingsEditPageTest">
    <skipped/>
  </testcase> <!-- assignIcon -->
  <testcase name="signOutNoOption" time="0.001" classname="com.tdm.qa.testcases.SignOutPageTest">
    <skipped/>
  </testcase> <!-- signOutNoOption -->
  <testcase name="verifyStoreHierarchy" time="0.0" classname="com.tdm.qa.testcases.StoreDetailsPageTest">
    <skipped/>
  </testcase> <!-- verifyStoreHierarchy -->
  <testcase name="validateGoogleSearch" time="0.0" classname="com.tdm.qa.testcases.HomePageTest">
    <skipped/>
  </testcase> <!-- validateGoogleSearch -->
  <testcase name="downloadOfflineData" time="0.0" classname="com.tdm.qa.testcases.ResultListPageTest">
    <skipped/>
  </testcase> <!-- downloadOfflineData -->
  <testcase name="selectFieldAndHomePage" time="0.0" classname="com.tdm.qa.testcases.SelectFieldPageTest">
    <skipped/>
  </testcase> <!-- selectFieldAndHomePage -->
  <testcase name="selectReset" time="0.0" classname="com.tdm.qa.testcases.SettingsEditPageTest">
    <skipped/>
  </testcase> <!-- selectReset -->
  <testcase name="resetLegend" time="0.0" classname="com.tdm.qa.testcases.SettingsPageTest">
    <skipped/>
  </testcase> <!-- resetLegend -->
  <testcase name="signOutYesOption" time="0.001" classname="com.tdm.qa.testcases.SignOutPageTest">
    <skipped/>
  </testcase> <!-- signOutYesOption -->
  <testcase name="clickOnStoreMoreOpt" time="0.001" classname="com.tdm.qa.testcases.StoreDetailsPageTest">
    <skipped/>
  </testcase> <!-- clickOnStoreMoreOpt -->
  <testcase name="validateNielsenSearch" time="0.0" classname="com.tdm.qa.testcases.HomePageTest">
    <skipped/>
  </testcase> <!-- validateNielsenSearch -->
</testsuite> <!-- Command line test -->
