<?xml version="1.0" encoding="UTF-8"?>
<!-- Generated by org.testng.reporters.JUnitXMLReporter -->
<testsuite hostname="INLF6DLLH2" name="TDM Automation(failed)" tests="3" failures="3" timestamp="27 Aug 2019 12:26:25 GMT" time="181.483" errors="0">
  <testcase name="verifyOfflineDataPage" time="0.009" classname="com.tdm.qa.testcases.OfflineDataPageTest">
    <failure type="org.openqa.selenium.NoSuchSessionException" message="A session is either terminated or not started
Build info: version: &amp;apos;3.141.59&amp;apos;, revision: &amp;apos;e82be7d358&amp;apos;, time: &amp;apos;2018-11-14T08:17:03&amp;apos;
System info: host: &amp;apos;INLF6DLLH2&amp;apos;, ip: &amp;apos;192.168.56.1&amp;apos;, os.name: &amp;apos;Windows 10&amp;apos;, os.arch: &amp;apos;amd64&amp;apos;, os.version: &amp;apos;10.0&amp;apos;, java.version: &amp;apos;1.8.0_151&amp;apos;
Driver info: io.appium.java_client.AppiumDriver
Capabilities {app: C:\Users\dhsa7001\eclipse-w..., appActivity: md54e9aad3514586715abecb6fd..., appPackage: com.nielsen.TDMobileX, autoGrantPermissions: true, databaseEnabled: false, desired: {app: C:\Users\dhsa7001\eclipse-w..., appActivity: md54e9aad3514586715abecb6fd..., appPackage: com.nielsen.TDMobileX, autoGrantPermissions: true, deviceName: mydevice, platformName: android}, deviceManufacturer: samsung, deviceModel: SM-N950F, deviceName: 988a9b31423738305930, deviceScreenSize: 1440x2960, deviceUDID: 988a9b31423738305930, javascriptEnabled: true, locationContextEnabled: false, networkConnectionEnabled: true, platform: LINUX, platformName: LINUX, platformVersion: 9, takesScreenshot: true, warnings: {}, webStorageEnabled: false}
Session ID: 626d40ff-2751-46a7-ab07-667882746ab8
*** Element info: {Using=xpath, value=//android.view.ViewGroup[@index=&amp;apos;3&amp;apos;]}">
      <![CDATA[org.openqa.selenium.NoSuchSessionException: A session is either terminated or not started
Build info: version: '3.141.59', revision: 'e82be7d358', time: '2018-11-14T08:17:03'
System info: host: 'INLF6DLLH2', ip: '192.168.56.1', os.name: 'Windows 10', os.arch: 'amd64', os.version: '10.0', java.version: '1.8.0_151'
Driver info: io.appium.java_client.AppiumDriver
Capabilities {app: C:\Users\dhsa7001\eclipse-w..., appActivity: md54e9aad3514586715abecb6fd..., appPackage: com.nielsen.TDMobileX, autoGrantPermissions: true, databaseEnabled: false, desired: {app: C:\Users\dhsa7001\eclipse-w..., appActivity: md54e9aad3514586715abecb6fd..., appPackage: com.nielsen.TDMobileX, autoGrantPermissions: true, deviceName: mydevice, platformName: android}, deviceManufacturer: samsung, deviceModel: SM-N950F, deviceName: 988a9b31423738305930, deviceScreenSize: 1440x2960, deviceUDID: 988a9b31423738305930, javascriptEnabled: true, locationContextEnabled: false, networkConnectionEnabled: true, platform: LINUX, platformName: LINUX, platformVersion: 9, takesScreenshot: true, warnings: {}, webStorageEnabled: false}
Session ID: 626d40ff-2751-46a7-ab07-667882746ab8
*** Element info: {Using=xpath, value=//android.view.ViewGroup[@index='3']}
	at org.openqa.selenium.remote.http.W3CHttpResponseCodec.createException(W3CHttpResponseCodec.java:187)
	at org.openqa.selenium.remote.http.W3CHttpResponseCodec.decode(W3CHttpResponseCodec.java:122)
	at org.openqa.selenium.remote.http.W3CHttpResponseCodec.decode(W3CHttpResponseCodec.java:49)
	at org.openqa.selenium.remote.HttpCommandExecutor.execute(HttpCommandExecutor.java:158)
	at io.appium.java_client.remote.AppiumCommandExecutor.execute(AppiumCommandExecutor.java:239)
	at org.openqa.selenium.remote.RemoteWebDriver.execute(RemoteWebDriver.java:552)
	at io.appium.java_client.DefaultGenericMobileDriver.execute(DefaultGenericMobileDriver.java:42)
	at io.appium.java_client.AppiumDriver.execute(AppiumDriver.java:1)
	at org.openqa.selenium.remote.RemoteWebDriver.findElement(RemoteWebDriver.java:323)
	at io.appium.java_client.DefaultGenericMobileDriver.findElement(DefaultGenericMobileDriver.java:62)
	at io.appium.java_client.AppiumDriver.findElement(AppiumDriver.java:1)
	at org.openqa.selenium.remote.RemoteWebDriver.findElementByXPath(RemoteWebDriver.java:428)
	at io.appium.java_client.DefaultGenericMobileDriver.findElementByXPath(DefaultGenericMobileDriver.java:152)
	at io.appium.java_client.AppiumDriver.findElementByXPath(AppiumDriver.java:1)
	at org.openqa.selenium.By$ByXPath.findElement(By.java:353)
	at org.openqa.selenium.remote.RemoteWebDriver.findElement(RemoteWebDriver.java:315)
	at io.appium.java_client.DefaultGenericMobileDriver.findElement(DefaultGenericMobileDriver.java:58)
	at io.appium.java_client.AppiumDriver.findElement(AppiumDriver.java:1)
	at org.openqa.selenium.support.pagefactory.DefaultElementLocator.findElement(DefaultElementLocator.java:69)
	at org.openqa.selenium.support.pagefactory.internal.LocatingElementHandler.invoke(LocatingElementHandler.java:38)
	at com.sun.proxy.$Proxy11.click(Unknown Source)
	at com.tdm.qa.pages.HomePage.clickOnMoreOption(HomePage.java:130)
	at com.tdm.qa.testcases.OfflineDataPageTest.verifyOfflineDataPage(OfflineDataPageTest.java:36)
... Removed 28 stack frames]]>
    </failure>
  </testcase> <!-- verifyOfflineDataPage -->
  <testcase name="selectStoreAcc" time="0.009" classname="com.tdm.qa.testcases.HierarchiesPageTest">
    <failure type="org.openqa.selenium.NoSuchSessionException" message="A session is either terminated or not started
Build info: version: &amp;apos;3.141.59&amp;apos;, revision: &amp;apos;e82be7d358&amp;apos;, time: &amp;apos;2018-11-14T08:17:03&amp;apos;
System info: host: &amp;apos;INLF6DLLH2&amp;apos;, ip: &amp;apos;192.168.56.1&amp;apos;, os.name: &amp;apos;Windows 10&amp;apos;, os.arch: &amp;apos;amd64&amp;apos;, os.version: &amp;apos;10.0&amp;apos;, java.version: &amp;apos;1.8.0_151&amp;apos;
Driver info: io.appium.java_client.AppiumDriver
Capabilities {app: C:\Users\dhsa7001\eclipse-w..., appActivity: md54e9aad3514586715abecb6fd..., appPackage: com.nielsen.TDMobileX, autoGrantPermissions: true, databaseEnabled: false, desired: {app: C:\Users\dhsa7001\eclipse-w..., appActivity: md54e9aad3514586715abecb6fd..., appPackage: com.nielsen.TDMobileX, autoGrantPermissions: true, deviceName: mydevice, platformName: android}, deviceManufacturer: samsung, deviceModel: SM-N950F, deviceName: 988a9b31423738305930, deviceScreenSize: 1440x2960, deviceUDID: 988a9b31423738305930, javascriptEnabled: true, locationContextEnabled: false, networkConnectionEnabled: true, platform: LINUX, platformName: LINUX, platformVersion: 9, takesScreenshot: true, warnings: {}, webStorageEnabled: false}
Session ID: 4007e7b9-2398-4a6e-b365-0aa448b77419
*** Element info: {Using=xpath, value=//*[@text=&amp;apos;Hierarchies&amp;apos;]}">
      <![CDATA[org.openqa.selenium.NoSuchSessionException: A session is either terminated or not started
Build info: version: '3.141.59', revision: 'e82be7d358', time: '2018-11-14T08:17:03'
System info: host: 'INLF6DLLH2', ip: '192.168.56.1', os.name: 'Windows 10', os.arch: 'amd64', os.version: '10.0', java.version: '1.8.0_151'
Driver info: io.appium.java_client.AppiumDriver
Capabilities {app: C:\Users\dhsa7001\eclipse-w..., appActivity: md54e9aad3514586715abecb6fd..., appPackage: com.nielsen.TDMobileX, autoGrantPermissions: true, databaseEnabled: false, desired: {app: C:\Users\dhsa7001\eclipse-w..., appActivity: md54e9aad3514586715abecb6fd..., appPackage: com.nielsen.TDMobileX, autoGrantPermissions: true, deviceName: mydevice, platformName: android}, deviceManufacturer: samsung, deviceModel: SM-N950F, deviceName: 988a9b31423738305930, deviceScreenSize: 1440x2960, deviceUDID: 988a9b31423738305930, javascriptEnabled: true, locationContextEnabled: false, networkConnectionEnabled: true, platform: LINUX, platformName: LINUX, platformVersion: 9, takesScreenshot: true, warnings: {}, webStorageEnabled: false}
Session ID: 4007e7b9-2398-4a6e-b365-0aa448b77419
*** Element info: {Using=xpath, value=//*[@text='Hierarchies']}
	at org.openqa.selenium.remote.http.W3CHttpResponseCodec.createException(W3CHttpResponseCodec.java:187)
	at org.openqa.selenium.remote.http.W3CHttpResponseCodec.decode(W3CHttpResponseCodec.java:122)
	at org.openqa.selenium.remote.http.W3CHttpResponseCodec.decode(W3CHttpResponseCodec.java:49)
	at org.openqa.selenium.remote.HttpCommandExecutor.execute(HttpCommandExecutor.java:158)
	at io.appium.java_client.remote.AppiumCommandExecutor.execute(AppiumCommandExecutor.java:239)
	at org.openqa.selenium.remote.RemoteWebDriver.execute(RemoteWebDriver.java:552)
	at io.appium.java_client.DefaultGenericMobileDriver.execute(DefaultGenericMobileDriver.java:42)
	at io.appium.java_client.AppiumDriver.execute(AppiumDriver.java:1)
	at org.openqa.selenium.remote.RemoteWebDriver.findElement(RemoteWebDriver.java:323)
	at io.appium.java_client.DefaultGenericMobileDriver.findElement(DefaultGenericMobileDriver.java:62)
	at io.appium.java_client.AppiumDriver.findElement(AppiumDriver.java:1)
	at org.openqa.selenium.remote.RemoteWebDriver.findElementByXPath(RemoteWebDriver.java:428)
	at io.appium.java_client.DefaultGenericMobileDriver.findElementByXPath(DefaultGenericMobileDriver.java:152)
	at io.appium.java_client.AppiumDriver.findElementByXPath(AppiumDriver.java:1)
	at org.openqa.selenium.By$ByXPath.findElement(By.java:353)
	at org.openqa.selenium.remote.RemoteWebDriver.findElement(RemoteWebDriver.java:315)
	at io.appium.java_client.DefaultGenericMobileDriver.findElement(DefaultGenericMobileDriver.java:58)
	at io.appium.java_client.AppiumDriver.findElement(AppiumDriver.java:1)
	at org.openqa.selenium.support.pagefactory.DefaultElementLocator.findElement(DefaultElementLocator.java:69)
	at org.openqa.selenium.support.pagefactory.internal.LocatingElementHandler.invoke(LocatingElementHandler.java:38)
	at com.sun.proxy.$Proxy11.isDisplayed(Unknown Source)
	at com.tdm.qa.pages.HierarchiesPage.verifyHierarchyScreen(HierarchiesPage.java:29)
	at com.tdm.qa.testcases.HierarchiesPageTest.selectStoreAcc(HierarchiesPageTest.java:43)
... Removed 28 stack frames]]>
    </failure>
  </testcase> <!-- selectStoreAcc -->
  <testcase name="downloadOfflineData" time="0.001" classname="com.tdm.qa.testcases.ResultListPageTest">
    <failure type="org.openqa.selenium.NoSuchSessionException" message="Session ID is null. Using WebDriver after calling quit()?
Build info: version: &amp;apos;3.141.59&amp;apos;, revision: &amp;apos;e82be7d358&amp;apos;, time: &amp;apos;2018-11-14T08:17:03&amp;apos;
System info: host: &amp;apos;INLF6DLLH2&amp;apos;, ip: &amp;apos;192.168.56.1&amp;apos;, os.name: &amp;apos;Windows 10&amp;apos;, os.arch: &amp;apos;amd64&amp;apos;, os.version: &amp;apos;10.0&amp;apos;, java.version: &amp;apos;1.8.0_151&amp;apos;
Driver info: driver.version: AppiumDriver">
      <![CDATA[org.openqa.selenium.NoSuchSessionException: Session ID is null. Using WebDriver after calling quit()?
Build info: version: '3.141.59', revision: 'e82be7d358', time: '2018-11-14T08:17:03'
System info: host: 'INLF6DLLH2', ip: '192.168.56.1', os.name: 'Windows 10', os.arch: 'amd64', os.version: '10.0', java.version: '1.8.0_151'
Driver info: driver.version: AppiumDriver
	at org.openqa.selenium.remote.HttpCommandExecutor.execute(HttpCommandExecutor.java:125)
	at io.appium.java_client.remote.AppiumCommandExecutor.execute(AppiumCommandExecutor.java:239)
	at org.openqa.selenium.remote.RemoteWebDriver.execute(RemoteWebDriver.java:552)
	at io.appium.java_client.DefaultGenericMobileDriver.execute(DefaultGenericMobileDriver.java:42)
	at io.appium.java_client.AppiumDriver.execute(AppiumDriver.java:1)
	at org.openqa.selenium.remote.RemoteWebDriver.findElement(RemoteWebDriver.java:323)
	at io.appium.java_client.DefaultGenericMobileDriver.findElement(DefaultGenericMobileDriver.java:62)
	at io.appium.java_client.AppiumDriver.findElement(AppiumDriver.java:1)
	at org.openqa.selenium.remote.RemoteWebDriver.findElementByXPath(RemoteWebDriver.java:428)
	at io.appium.java_client.DefaultGenericMobileDriver.findElementByXPath(DefaultGenericMobileDriver.java:152)
	at io.appium.java_client.AppiumDriver.findElementByXPath(AppiumDriver.java:1)
	at org.openqa.selenium.By$ByXPath.findElement(By.java:353)
	at org.openqa.selenium.remote.RemoteWebDriver.findElement(RemoteWebDriver.java:315)
	at io.appium.java_client.DefaultGenericMobileDriver.findElement(DefaultGenericMobileDriver.java:58)
	at io.appium.java_client.AppiumDriver.findElement(AppiumDriver.java:1)
	at org.openqa.selenium.support.pagefactory.DefaultElementLocator.findElement(DefaultElementLocator.java:69)
	at org.openqa.selenium.support.pagefactory.internal.LocatingElementHandler.invoke(LocatingElementHandler.java:38)
	at com.sun.proxy.$Proxy11.click(Unknown Source)
	at com.tdm.qa.pages.HomePage.clickOnGoogleSearch(HomePage.java:101)
	at com.tdm.qa.testcases.ResultListPageTest.downloadOfflineData(ResultListPageTest.java:48)
... Removed 24 stack frames]]>
    </failure>
  </testcase> <!-- downloadOfflineData -->
</testsuite> <!-- TDM Automation(failed) -->
