<?xml version="1.0" encoding="UTF-8"?>
<testng-results skipped="28" failed="0" total="28" passed="0">
  <reporter-output>
  </reporter-output>
  <suite name="Command line suite" duration-ms="2191" started-at="2019-09-12T11:21:56Z" finished-at="2019-09-12T11:21:58Z">
    <groups>
    </groups>
    <test name="Command line test" duration-ms="2191" started-at="2019-09-12T11:21:56Z" finished-at="2019-09-12T11:21:58Z">
      <class name="com.tdm.qa.testcases.AdvSearchPageTest">
        <test-method status="SKIP" signature="setUp()[pri:0, instance:com.tdm.qa.testcases.AdvSearchPageTest@6df97b55]" name="setUp" is-config="true" duration-ms="0" started-at="2019-09-12T16:51:58Z" finished-at="2019-09-12T16:51:58Z">
          <reporter-output>
          </reporter-output>
        </test-method> <!-- setUp -->
        <test-method status="SKIP" signature="saveQuery()[pri:1, instance:com.tdm.qa.testcases.AdvSearchPageTest@6df97b55]" name="saveQuery" duration-ms="0" started-at="2019-09-12T16:51:58Z" finished-at="2019-09-12T16:51:58Z">
          <reporter-output>
          </reporter-output>
        </test-method> <!-- saveQuery -->
      </class> <!-- com.tdm.qa.testcases.AdvSearchPageTest -->
      <class name="com.tdm.qa.testcases.CheckInPageTest">
        <test-method status="SKIP" signature="setUp()[pri:0, instance:com.tdm.qa.testcases.CheckInPageTest@35fb3008]" name="setUp" is-config="true" duration-ms="0" started-at="2019-09-12T16:51:58Z" finished-at="2019-09-12T16:51:58Z">
          <reporter-output>
          </reporter-output>
        </test-method> <!-- setUp -->
        <test-method status="SKIP" signature="tearDown()[pri:0, instance:com.tdm.qa.testcases.CheckInPageTest@35fb3008]" name="tearDown" is-config="true" duration-ms="0" started-at="2019-09-12T16:51:58Z" finished-at="2019-09-12T16:51:58Z">
          <reporter-output>
          </reporter-output>
        </test-method> <!-- tearDown -->
        <test-method status="SKIP" signature="checkInComm()[pri:0, instance:com.tdm.qa.testcases.CheckInPageTest@35fb3008]" name="checkInComm" duration-ms="0" started-at="2019-09-12T16:51:58Z" finished-at="2019-09-12T16:51:58Z">
          <reporter-output>
          </reporter-output>
        </test-method> <!-- checkInComm -->
      </class> <!-- com.tdm.qa.testcases.CheckInPageTest -->
      <class name="com.tdm.qa.testcases.CheckInHistoryPageTest">
        <test-method status="SKIP" signature="setUp()[pri:0, instance:com.tdm.qa.testcases.CheckInHistoryPageTest@3cbbc1e0]" name="setUp" is-config="true" duration-ms="0" started-at="2019-09-12T16:51:58Z" finished-at="2019-09-12T16:51:58Z">
          <reporter-output>
          </reporter-output>
        </test-method> <!-- setUp -->
        <test-method status="SKIP" signature="tearDown()[pri:0, instance:com.tdm.qa.testcases.CheckInHistoryPageTest@3cbbc1e0]" name="tearDown" is-config="true" duration-ms="0" started-at="2019-09-12T16:51:58Z" finished-at="2019-09-12T16:51:58Z">
          <reporter-output>
          </reporter-output>
        </test-method> <!-- tearDown -->
        <test-method status="SKIP" signature="verifyCheckInHist()[pri:0, instance:com.tdm.qa.testcases.CheckInHistoryPageTest@3cbbc1e0]" name="verifyCheckInHist" duration-ms="0" started-at="2019-09-12T16:51:58Z" finished-at="2019-09-12T16:51:58Z">
          <reporter-output>
          </reporter-output>
        </test-method> <!-- verifyCheckInHist -->
      </class> <!-- com.tdm.qa.testcases.CheckInHistoryPageTest -->
      <class name="com.tdm.qa.testcases.MissingStorePageTest">
        <test-method status="SKIP" signature="setUp()[pri:0, instance:com.tdm.qa.testcases.MissingStorePageTest@36f6e879]" name="setUp" is-config="true" duration-ms="0" started-at="2019-09-12T16:51:58Z" finished-at="2019-09-12T16:51:58Z">
          <reporter-output>
          </reporter-output>
        </test-method> <!-- setUp -->
        <test-method status="SKIP" signature="enterMissigStoreDetails()[pri:0, instance:com.tdm.qa.testcases.MissingStorePageTest@36f6e879]" name="enterMissigStoreDetails" duration-ms="0" started-at="2019-09-12T16:51:58Z" finished-at="2019-09-12T16:51:58Z">
          <reporter-output>
          </reporter-output>
        </test-method> <!-- enterMissigStoreDetails -->
        <test-method status="SKIP" signature="tearDown()[pri:0, instance:com.tdm.qa.testcases.MissingStorePageTest@36f6e879]" name="tearDown" is-config="true" duration-ms="0" started-at="2019-09-12T16:51:58Z" finished-at="2019-09-12T16:51:58Z">
          <reporter-output>
          </reporter-output>
        </test-method> <!-- tearDown -->
      </class> <!-- com.tdm.qa.testcases.MissingStorePageTest -->
      <class name="com.tdm.qa.testcases.HierarchiesPageTest">
        <test-method status="SKIP" signature="selectStoreAcc()[pri:1, instance:com.tdm.qa.testcases.HierarchiesPageTest@6537cf78]" name="selectStoreAcc" duration-ms="0" started-at="2019-09-12T16:51:58Z" finished-at="2019-09-12T16:51:58Z">
          <reporter-output>
          </reporter-output>
        </test-method> <!-- selectStoreAcc -->
        <test-method status="SKIP" signature="tearDown()[pri:0, instance:com.tdm.qa.testcases.HierarchiesPageTest@6537cf78]" name="tearDown" is-config="true" duration-ms="0" started-at="2019-09-12T16:51:58Z" finished-at="2019-09-12T16:51:58Z">
          <reporter-output>
          </reporter-output>
        </test-method> <!-- tearDown -->
      </class> <!-- com.tdm.qa.testcases.HierarchiesPageTest -->
      <class name="com.tdm.qa.testcases.HomePageTest">
        <test-method status="SKIP" signature="verifyHomePage()[pri:1, instance:com.tdm.qa.testcases.HomePageTest@7225790e]" name="verifyHomePage" duration-ms="0" started-at="2019-09-12T16:51:58Z" finished-at="2019-09-12T16:51:58Z">
          <reporter-output>
          </reporter-output>
        </test-method> <!-- verifyHomePage -->
        <test-method status="SKIP" signature="setUp()[pri:0, instance:com.tdm.qa.testcases.HomePageTest@7225790e]" name="setUp" is-config="true" duration-ms="0" started-at="2019-09-12T16:51:58Z" finished-at="2019-09-12T16:51:58Z">
          <reporter-output>
          </reporter-output>
        </test-method> <!-- setUp -->
        <test-method status="SKIP" signature="tearDown()[pri:0, instance:com.tdm.qa.testcases.HomePageTest@7225790e]" name="tearDown" is-config="true" duration-ms="0" started-at="2019-09-12T16:51:58Z" finished-at="2019-09-12T16:51:58Z">
          <reporter-output>
          </reporter-output>
        </test-method> <!-- tearDown -->
        <test-method status="SKIP" signature="validateGoogleSearch()[pri:2, instance:com.tdm.qa.testcases.HomePageTest@7225790e]" name="validateGoogleSearch" duration-ms="0" started-at="2019-09-12T16:51:58Z" finished-at="2019-09-12T16:51:58Z">
          <reporter-output>
          </reporter-output>
        </test-method> <!-- validateGoogleSearch -->
        <test-method status="SKIP" signature="tearDown()[pri:0, instance:com.tdm.qa.testcases.HomePageTest@7225790e]" name="tearDown" is-config="true" duration-ms="0" started-at="2019-09-12T16:51:58Z" finished-at="2019-09-12T16:51:58Z">
          <reporter-output>
          </reporter-output>
        </test-method> <!-- tearDown -->
        <test-method status="SKIP" signature="setUp()[pri:0, instance:com.tdm.qa.testcases.HomePageTest@7225790e]" name="setUp" is-config="true" duration-ms="0" started-at="2019-09-12T16:51:58Z" finished-at="2019-09-12T16:51:58Z">
          <reporter-output>
          </reporter-output>
        </test-method> <!-- setUp -->
        <test-method status="SKIP" signature="validateNielsenSearch()[pri:3, instance:com.tdm.qa.testcases.HomePageTest@7225790e]" name="validateNielsenSearch" duration-ms="0" started-at="2019-09-12T16:51:58Z" finished-at="2019-09-12T16:51:58Z">
          <reporter-output>
          </reporter-output>
        </test-method> <!-- validateNielsenSearch -->
        <test-method status="SKIP" signature="setUp()[pri:0, instance:com.tdm.qa.testcases.HomePageTest@7225790e]" name="setUp" is-config="true" duration-ms="0" started-at="2019-09-12T16:51:58Z" finished-at="2019-09-12T16:51:58Z">
          <reporter-output>
          </reporter-output>
        </test-method> <!-- setUp -->
        <test-method status="SKIP" signature="tearDown()[pri:0, instance:com.tdm.qa.testcases.HomePageTest@7225790e]" name="tearDown" is-config="true" duration-ms="0" started-at="2019-09-12T16:51:58Z" finished-at="2019-09-12T16:51:58Z">
          <reporter-output>
          </reporter-output>
        </test-method> <!-- tearDown -->
      </class> <!-- com.tdm.qa.testcases.HomePageTest -->
      <class name="com.tdm.qa.testcases.NearMePageTest">
        <test-method status="SKIP" signature="tearDown()[pri:0, instance:com.tdm.qa.testcases.NearMePageTest@3551a94]" name="tearDown" is-config="true" duration-ms="0" started-at="2019-09-12T16:51:58Z" finished-at="2019-09-12T16:51:58Z">
          <reporter-output>
          </reporter-output>
        </test-method> <!-- tearDown -->
        <test-method status="SKIP" signature="setUp()[pri:0, instance:com.tdm.qa.testcases.NearMePageTest@3551a94]" name="setUp" is-config="true" duration-ms="0" started-at="2019-09-12T16:51:58Z" finished-at="2019-09-12T16:51:58Z">
          <reporter-output>
          </reporter-output>
        </test-method> <!-- setUp -->
        <test-method status="SKIP" signature="validateNavigationOption()[pri:1, instance:com.tdm.qa.testcases.NearMePageTest@3551a94]" name="validateNavigationOption" duration-ms="0" started-at="2019-09-12T16:51:58Z" finished-at="2019-09-12T16:51:58Z">
          <reporter-output>
          </reporter-output>
        </test-method> <!-- validateNavigationOption -->
      </class> <!-- com.tdm.qa.testcases.NearMePageTest -->
      <class name="com.tdm.qa.testcases.OwnDataPageTest">
        <test-method status="SKIP" signature="fillOwnData()[pri:0, instance:com.tdm.qa.testcases.OwnDataPageTest@52af6cff]" name="fillOwnData" duration-ms="1" started-at="2019-09-12T16:51:58Z" finished-at="2019-09-12T16:51:58Z">
          <reporter-output>
          </reporter-output>
        </test-method> <!-- fillOwnData -->
        <test-method status="SKIP" signature="setUp()[pri:0, instance:com.tdm.qa.testcases.OwnDataPageTest@52af6cff]" name="setUp" is-config="true" duration-ms="0" started-at="2019-09-12T16:51:58Z" finished-at="2019-09-12T16:51:58Z">
          <reporter-output>
          </reporter-output>
        </test-method> <!-- setUp -->
        <test-method status="SKIP" signature="tearDown()[pri:0, instance:com.tdm.qa.testcases.OwnDataPageTest@52af6cff]" name="tearDown" is-config="true" duration-ms="0" started-at="2019-09-12T16:51:58Z" finished-at="2019-09-12T16:51:58Z">
          <reporter-output>
          </reporter-output>
        </test-method> <!-- tearDown -->
      </class> <!-- com.tdm.qa.testcases.OwnDataPageTest -->
      <class name="com.tdm.qa.testcases.SettingsPageTest">
        <test-method status="SKIP" signature="setUp()[pri:0, instance:com.tdm.qa.testcases.SettingsPageTest@234bef66]" name="setUp" is-config="true" duration-ms="0" started-at="2019-09-12T16:51:58Z" finished-at="2019-09-12T16:51:58Z">
          <reporter-output>
          </reporter-output>
        </test-method> <!-- setUp -->
        <test-method status="SKIP" signature="resetLegend()[pri:2, instance:com.tdm.qa.testcases.SettingsPageTest@234bef66]" name="resetLegend" duration-ms="0" started-at="2019-09-12T16:51:58Z" finished-at="2019-09-12T16:51:58Z">
          <reporter-output>
          </reporter-output>
        </test-method> <!-- resetLegend -->
        <test-method status="SKIP" signature="tearDown()[pri:0, instance:com.tdm.qa.testcases.SettingsPageTest@234bef66]" name="tearDown" is-config="true" duration-ms="0" started-at="2019-09-12T16:51:58Z" finished-at="2019-09-12T16:51:58Z">
          <reporter-output>
          </reporter-output>
        </test-method> <!-- tearDown -->
      </class> <!-- com.tdm.qa.testcases.SettingsPageTest -->
      <class name="com.tdm.qa.testcases.PrevCheckinPageTest">
        <test-method status="SKIP" signature="setUp()[pri:0, instance:com.tdm.qa.testcases.PrevCheckinPageTest@735b478]" name="setUp" is-config="true" duration-ms="0" started-at="2019-09-12T16:51:58Z" finished-at="2019-09-12T16:51:58Z">
          <reporter-output>
          </reporter-output>
        </test-method> <!-- setUp -->
        <test-method status="SKIP" signature="validatePrevCheckin()[pri:1, instance:com.tdm.qa.testcases.PrevCheckinPageTest@735b478]" name="validatePrevCheckin" duration-ms="4" started-at="2019-09-12T16:51:58Z" finished-at="2019-09-12T16:51:58Z">
          <reporter-output>
          </reporter-output>
        </test-method> <!-- validatePrevCheckin -->
      </class> <!-- com.tdm.qa.testcases.PrevCheckinPageTest -->
      <class name="com.tdm.qa.testcases.SignOutPageTest">
        <test-method status="SKIP" signature="setUp()[pri:0, instance:com.tdm.qa.testcases.SignOutPageTest@737996a0]" name="setUp" is-config="true" duration-ms="0" started-at="2019-09-12T16:51:58Z" finished-at="2019-09-12T16:51:58Z">
          <reporter-output>
          </reporter-output>
        </test-method> <!-- setUp -->
        <test-method status="SKIP" signature="signOutNoOption()[pri:1, instance:com.tdm.qa.testcases.SignOutPageTest@737996a0]" name="signOutNoOption" duration-ms="1" started-at="2019-09-12T16:51:58Z" finished-at="2019-09-12T16:51:58Z">
          <reporter-output>
          </reporter-output>
        </test-method> <!-- signOutNoOption -->
        <test-method status="SKIP" signature="signOutYesOption()[pri:2, instance:com.tdm.qa.testcases.SignOutPageTest@737996a0]" name="signOutYesOption" duration-ms="1" started-at="2019-09-12T16:51:58Z" finished-at="2019-09-12T16:51:58Z">
          <reporter-output>
          </reporter-output>
        </test-method> <!-- signOutYesOption -->
        <test-method status="SKIP" signature="setUp()[pri:0, instance:com.tdm.qa.testcases.SignOutPageTest@737996a0]" name="setUp" is-config="true" duration-ms="0" started-at="2019-09-12T16:51:58Z" finished-at="2019-09-12T16:51:58Z">
          <reporter-output>
          </reporter-output>
        </test-method> <!-- setUp -->
      </class> <!-- com.tdm.qa.testcases.SignOutPageTest -->
      <class name="com.tdm.qa.testcases.LoginPageTest">
        <test-method status="SKIP" signature="setUp()[pri:0, instance:com.tdm.qa.testcases.LoginPageTest@54a097cc]" name="setUp" is-config="true" duration-ms="0" started-at="2019-09-12T16:51:58Z" finished-at="2019-09-12T16:51:58Z">
          <reporter-output>
          </reporter-output>
        </test-method> <!-- setUp -->
        <test-method status="SKIP" signature="loginTest()[pri:0, instance:com.tdm.qa.testcases.LoginPageTest@54a097cc]" name="loginTest" duration-ms="0" started-at="2019-09-12T16:51:58Z" finished-at="2019-09-12T16:51:58Z">
          <reporter-output>
          </reporter-output>
        </test-method> <!-- loginTest -->
        <test-method status="SKIP" signature="tearDown()[pri:0, instance:com.tdm.qa.testcases.LoginPageTest@54a097cc]" name="tearDown" is-config="true" duration-ms="0" started-at="2019-09-12T16:51:58Z" finished-at="2019-09-12T16:51:58Z">
          <reporter-output>
          </reporter-output>
        </test-method> <!-- tearDown -->
      </class> <!-- com.tdm.qa.testcases.LoginPageTest -->
      <class name="com.tdm.qa.testcases.SelectFieldPageTest">
        <test-method status="SKIP" signature="setUp()[pri:0, instance:com.tdm.qa.testcases.SelectFieldPageTest@2096442d]" name="setUp" is-config="true" duration-ms="0" started-at="2019-09-12T16:51:58Z" finished-at="2019-09-12T16:51:58Z">
          <reporter-output>
          </reporter-output>
        </test-method> <!-- setUp -->
        <test-method status="SKIP" signature="setLegendAndSettingsPage()[pri:1, instance:com.tdm.qa.testcases.SelectFieldPageTest@2096442d]" name="setLegendAndSettingsPage" duration-ms="0" started-at="2019-09-12T16:51:58Z" finished-at="2019-09-12T16:51:58Z">
          <reporter-output>
          </reporter-output>
        </test-method> <!-- setLegendAndSettingsPage -->
        <test-method status="SKIP" signature="tearDown()[pri:0, instance:com.tdm.qa.testcases.SelectFieldPageTest@2096442d]" name="tearDown" is-config="true" duration-ms="0" started-at="2019-09-12T16:51:58Z" finished-at="2019-09-12T16:51:58Z">
          <reporter-output>
          </reporter-output>
        </test-method> <!-- tearDown -->
        <test-method status="SKIP" signature="setUp()[pri:0, instance:com.tdm.qa.testcases.SelectFieldPageTest@2096442d]" name="setUp" is-config="true" duration-ms="0" started-at="2019-09-12T16:51:58Z" finished-at="2019-09-12T16:51:58Z">
          <reporter-output>
          </reporter-output>
        </test-method> <!-- setUp -->
        <test-method status="SKIP" signature="selectFieldAndHomePage()[pri:2, instance:com.tdm.qa.testcases.SelectFieldPageTest@2096442d]" name="selectFieldAndHomePage" duration-ms="0" started-at="2019-09-12T16:51:58Z" finished-at="2019-09-12T16:51:58Z">
          <reporter-output>
          </reporter-output>
        </test-method> <!-- selectFieldAndHomePage -->
        <test-method status="SKIP" signature="tearDown()[pri:0, instance:com.tdm.qa.testcases.SelectFieldPageTest@2096442d]" name="tearDown" is-config="true" duration-ms="0" started-at="2019-09-12T16:51:58Z" finished-at="2019-09-12T16:51:58Z">
          <reporter-output>
          </reporter-output>
        </test-method> <!-- tearDown -->
      </class> <!-- com.tdm.qa.testcases.SelectFieldPageTest -->
      <class name="com.tdm.qa.testcases.MoreOptionPageTest">
        <test-method status="SKIP" signature="setUp()[pri:0, instance:com.tdm.qa.testcases.MoreOptionPageTest@5a61f5df]" name="setUp" is-config="true" duration-ms="0" started-at="2019-09-12T16:51:58Z" finished-at="2019-09-12T16:51:58Z">
          <reporter-output>
          </reporter-output>
        </test-method> <!-- setUp -->
        <test-method status="SKIP" signature="verifyMoreOptionpopup()[pri:1, instance:com.tdm.qa.testcases.MoreOptionPageTest@5a61f5df]" name="verifyMoreOptionpopup" duration-ms="1" started-at="2019-09-12T16:51:58Z" finished-at="2019-09-12T16:51:58Z">
          <reporter-output>
          </reporter-output>
        </test-method> <!-- verifyMoreOptionpopup -->
        <test-method status="SKIP" signature="tearDown()[pri:0, instance:com.tdm.qa.testcases.MoreOptionPageTest@5a61f5df]" name="tearDown" is-config="true" duration-ms="0" started-at="2019-09-12T16:51:58Z" finished-at="2019-09-12T16:51:58Z">
          <reporter-output>
          </reporter-output>
        </test-method> <!-- tearDown -->
      </class> <!-- com.tdm.qa.testcases.MoreOptionPageTest -->
      <class name="com.tdm.qa.testcases.AddNotifPageTest">
        <test-method status="SKIP" signature="setUp()[pri:0, instance:com.tdm.qa.testcases.AddNotifPageTest@366e2eef]" name="setUp" is-config="true" duration-ms="0" started-at="2019-09-12T16:51:58Z" finished-at="2019-09-12T16:51:58Z">
          <reporter-output>
          </reporter-output>
        </test-method> <!-- setUp -->
        <test-method status="SKIP" signature="addNotification()[pri:0, instance:com.tdm.qa.testcases.AddNotifPageTest@366e2eef]" name="addNotification" duration-ms="0" started-at="2019-09-12T16:51:58Z" finished-at="2019-09-12T16:51:58Z">
          <reporter-output>
          </reporter-output>
        </test-method> <!-- addNotification -->
        <test-method status="SKIP" signature="tearDown()[pri:0, instance:com.tdm.qa.testcases.AddNotifPageTest@366e2eef]" name="tearDown" is-config="true" duration-ms="0" started-at="2019-09-12T16:51:58Z" finished-at="2019-09-12T16:51:58Z">
          <reporter-output>
          </reporter-output>
        </test-method> <!-- tearDown -->
      </class> <!-- com.tdm.qa.testcases.AddNotifPageTest -->
      <class name="com.tdm.qa.testcases.AboutPageTest">
        <test-method status="FAIL" signature="setUp()[pri:0, instance:com.tdm.qa.testcases.AboutPageTest@617c74e5]" name="setUp" is-config="true" duration-ms="0" started-at="2019-09-12T16:51:56Z" finished-at="2019-09-12T16:51:56Z">
          <exception class="java.lang.NullPointerException">
            <full-stacktrace>
              <![CDATA[java.lang.NullPointerException
	at org.openqa.selenium.support.pagefactory.DefaultElementLocator.findElement(DefaultElementLocator.java:69)
	at org.openqa.selenium.support.pagefactory.internal.LocatingElementHandler.invoke(LocatingElementHandler.java:38)
	at com.sun.proxy.$Proxy10.sendKeys(Unknown Source)
	at com.tdm.qa.pages.LoginPage.login(LoginPage.java:51)
	at com.tdm.qa.testcases.AboutPageTest.setUp(AboutPageTest.java:32)
	at sun.reflect.NativeMethodAccessorImpl.invoke0(Native Method)
	at sun.reflect.NativeMethodAccessorImpl.invoke(NativeMethodAccessorImpl.java:62)
	at sun.reflect.DelegatingMethodAccessorImpl.invoke(DelegatingMethodAccessorImpl.java:43)
	at java.lang.reflect.Method.invoke(Method.java:498)
	at org.testng.internal.MethodInvocationHelper.invokeMethod(MethodInvocationHelper.java:86)
	at org.testng.internal.Invoker.invokeConfigurationMethod(Invoker.java:514)
	at org.testng.internal.Invoker.invokeConfigurations(Invoker.java:215)
	at org.testng.internal.Invoker.invokeConfigurations(Invoker.java:142)
	at org.testng.TestRunner.beforeRun(TestRunner.java:656)
	at org.testng.TestRunner.run(TestRunner.java:624)
	at org.testng.SuiteRunner.runTest(SuiteRunner.java:366)
	at org.testng.SuiteRunner.runSequentially(SuiteRunner.java:361)
	at org.testng.SuiteRunner.privateRun(SuiteRunner.java:319)
	at org.testng.SuiteRunner.run(SuiteRunner.java:268)
	at org.testng.SuiteRunnerWorker.runSuite(SuiteRunnerWorker.java:52)
	at org.testng.SuiteRunnerWorker.run(SuiteRunnerWorker.java:86)
	at org.testng.TestNG.runSuitesSequentially(TestNG.java:1244)
	at org.testng.TestNG.runSuitesLocally(TestNG.java:1169)
	at org.testng.TestNG.run(TestNG.java:1064)
	at org.apache.maven.surefire.testng.TestNGExecutor.run(TestNGExecutor.java:77)
	at org.apache.maven.surefire.testng.TestNGDirectoryTestSuite.executeMulti(TestNGDirectoryTestSuite.java:159)
	at org.apache.maven.surefire.testng.TestNGDirectoryTestSuite.execute(TestNGDirectoryTestSuite.java:99)
	at org.apache.maven.surefire.testng.TestNGProvider.invoke(TestNGProvider.java:106)
	at sun.reflect.NativeMethodAccessorImpl.invoke0(Native Method)
	at sun.reflect.NativeMethodAccessorImpl.invoke(NativeMethodAccessorImpl.java:62)
	at sun.reflect.DelegatingMethodAccessorImpl.invoke(DelegatingMethodAccessorImpl.java:43)
	at java.lang.reflect.Method.invoke(Method.java:498)
	at org.apache.maven.surefire.util.ReflectionUtils.invokeMethodWithArray(ReflectionUtils.java:189)
	at org.apache.maven.surefire.booter.ProviderFactory$ProviderProxy.invoke(ProviderFactory.java:165)
	at org.apache.maven.surefire.booter.ProviderFactory.invokeProvider(ProviderFactory.java:85)
	at org.apache.maven.surefire.booter.ForkedBooter.runSuitesInProcess(ForkedBooter.java:115)
	at org.apache.maven.surefire.booter.ForkedBooter.main(ForkedBooter.java:75)
]]>
            </full-stacktrace>
          </exception> <!-- java.lang.NullPointerException -->
          <reporter-output>
          </reporter-output>
        </test-method> <!-- setUp -->
        <test-method status="SKIP" signature="setUp()[pri:0, instance:com.tdm.qa.testcases.HierarchiesPageTest@6537cf78]" name="setUp" is-config="true" duration-ms="0" started-at="2019-09-12T16:51:58Z" finished-at="2019-09-12T16:51:58Z">
          <reporter-output>
          </reporter-output>
        </test-method> <!-- setUp -->
        <test-method status="SKIP" signature="setUp()[pri:0, instance:com.tdm.qa.testcases.OfflineDataPageTest@67b6d4ae]" name="setUp" is-config="true" duration-ms="0" started-at="2019-09-12T16:51:58Z" finished-at="2019-09-12T16:51:58Z">
          <reporter-output>
          </reporter-output>
        </test-method> <!-- setUp -->
        <test-method status="SKIP" signature="SetUp()[pri:0, instance:com.tdm.qa.testcases.ResultListPageTest@34b7bfc0]" name="SetUp" is-config="true" duration-ms="0" started-at="2019-09-12T16:51:58Z" finished-at="2019-09-12T16:51:58Z">
          <reporter-output>
          </reporter-output>
        </test-method> <!-- SetUp -->
        <test-method status="SKIP" signature="validateAboutPage()[pri:0, instance:com.tdm.qa.testcases.AboutPageTest@617c74e5]" name="validateAboutPage" duration-ms="1" started-at="2019-09-12T16:51:58Z" finished-at="2019-09-12T16:51:58Z">
          <reporter-output>
          </reporter-output>
        </test-method> <!-- validateAboutPage -->
        <test-method status="SKIP" signature="tearDown()[pri:0, instance:com.tdm.qa.testcases.SignOutPageTest@737996a0]" name="tearDown" is-config="true" duration-ms="0" started-at="2019-09-12T16:51:58Z" finished-at="2019-09-12T16:51:58Z">
          <reporter-output>
          </reporter-output>
        </test-method> <!-- tearDown -->
        <test-method status="SKIP" signature="tearDown()[pri:0, instance:com.tdm.qa.testcases.PrevCheckinPageTest@735b478]" name="tearDown" is-config="true" duration-ms="0" started-at="2019-09-12T16:51:58Z" finished-at="2019-09-12T16:51:58Z">
          <reporter-output>
          </reporter-output>
        </test-method> <!-- tearDown -->
        <test-method status="SKIP" signature="tearDown()[pri:0, instance:com.tdm.qa.testcases.SettingsEditPageTest@9f70c54]" name="tearDown" is-config="true" duration-ms="0" started-at="2019-09-12T16:51:58Z" finished-at="2019-09-12T16:51:58Z">
          <reporter-output>
          </reporter-output>
        </test-method> <!-- tearDown -->
        <test-method status="SKIP" signature="tearDown()[pri:0, instance:com.tdm.qa.testcases.AboutPageTest@617c74e5]" name="tearDown" is-config="true" duration-ms="0" started-at="2019-09-12T16:51:58Z" finished-at="2019-09-12T16:51:58Z">
          <reporter-output>
          </reporter-output>
        </test-method> <!-- tearDown -->
      </class> <!-- com.tdm.qa.testcases.AboutPageTest -->
      <class name="com.tdm.qa.testcases.SavedQueryPageTest">
        <test-method status="SKIP" signature="setUp()[pri:0, instance:com.tdm.qa.testcases.SavedQueryPageTest@2c9f9fb0]" name="setUp" is-config="true" duration-ms="0" started-at="2019-09-12T16:51:58Z" finished-at="2019-09-12T16:51:58Z">
          <reporter-output>
          </reporter-output>
        </test-method> <!-- setUp -->
        <test-method status="SKIP" signature="verifySavedQueryPage()[pri:0, instance:com.tdm.qa.testcases.SavedQueryPageTest@2c9f9fb0]" name="verifySavedQueryPage" duration-ms="0" started-at="2019-09-12T16:51:58Z" finished-at="2019-09-12T16:51:58Z">
          <reporter-output>
          </reporter-output>
        </test-method> <!-- verifySavedQueryPage -->
        <test-method status="SKIP" signature="tearDown()[pri:0, instance:com.tdm.qa.testcases.SavedQueryPageTest@2c9f9fb0]" name="tearDown" is-config="true" duration-ms="0" started-at="2019-09-12T16:51:58Z" finished-at="2019-09-12T16:51:58Z">
          <reporter-output>
          </reporter-output>
        </test-method> <!-- tearDown -->
      </class> <!-- com.tdm.qa.testcases.SavedQueryPageTest -->
      <class name="com.tdm.qa.testcases.OfflineDataPageTest">
        <test-method status="SKIP" signature="verifyOfflineDataPage()[pri:1, instance:com.tdm.qa.testcases.OfflineDataPageTest@67b6d4ae]" name="verifyOfflineDataPage" duration-ms="1" started-at="2019-09-12T16:51:58Z" finished-at="2019-09-12T16:51:58Z">
          <reporter-output>
          </reporter-output>
        </test-method> <!-- verifyOfflineDataPage -->
        <test-method status="SKIP" signature="tearDown()[pri:0, instance:com.tdm.qa.testcases.OfflineDataPageTest@67b6d4ae]" name="tearDown" is-config="true" duration-ms="5" started-at="2019-09-12T16:51:58Z" finished-at="2019-09-12T16:51:58Z">
          <reporter-output>
          </reporter-output>
        </test-method> <!-- tearDown -->
      </class> <!-- com.tdm.qa.testcases.OfflineDataPageTest -->
      <class name="com.tdm.qa.testcases.StoreDetailsPageTest">
        <test-method status="SKIP" signature="verifyStoreHierarchy()[pri:1, instance:com.tdm.qa.testcases.StoreDetailsPageTest@61dc03ce]" name="verifyStoreHierarchy" duration-ms="0" started-at="2019-09-12T16:51:58Z" finished-at="2019-09-12T16:51:58Z">
          <reporter-output>
          </reporter-output>
        </test-method> <!-- verifyStoreHierarchy -->
        <test-method status="SKIP" signature="setUp()[pri:0, instance:com.tdm.qa.testcases.StoreDetailsPageTest@61dc03ce]" name="setUp" is-config="true" duration-ms="0" started-at="2019-09-12T16:51:58Z" finished-at="2019-09-12T16:51:58Z">
          <reporter-output>
          </reporter-output>
        </test-method> <!-- setUp -->
        <test-method status="SKIP" signature="tearDown()[pri:0, instance:com.tdm.qa.testcases.StoreDetailsPageTest@61dc03ce]" name="tearDown" is-config="true" duration-ms="0" started-at="2019-09-12T16:51:58Z" finished-at="2019-09-12T16:51:58Z">
          <reporter-output>
          </reporter-output>
        </test-method> <!-- tearDown -->
        <test-method status="SKIP" signature="clickOnStoreMoreOpt()[pri:2, instance:com.tdm.qa.testcases.StoreDetailsPageTest@61dc03ce]" name="clickOnStoreMoreOpt" duration-ms="1" started-at="2019-09-12T16:51:58Z" finished-at="2019-09-12T16:51:58Z">
          <reporter-output>
          </reporter-output>
        </test-method> <!-- clickOnStoreMoreOpt -->
        <test-method status="SKIP" signature="setUp()[pri:0, instance:com.tdm.qa.testcases.StoreDetailsPageTest@61dc03ce]" name="setUp" is-config="true" duration-ms="0" started-at="2019-09-12T16:51:58Z" finished-at="2019-09-12T16:51:58Z">
          <reporter-output>
          </reporter-output>
        </test-method> <!-- setUp -->
        <test-method status="SKIP" signature="tearDown()[pri:0, instance:com.tdm.qa.testcases.StoreDetailsPageTest@61dc03ce]" name="tearDown" is-config="true" duration-ms="0" started-at="2019-09-12T16:51:58Z" finished-at="2019-09-12T16:51:58Z">
          <reporter-output>
          </reporter-output>
        </test-method> <!-- tearDown -->
      </class> <!-- com.tdm.qa.testcases.StoreDetailsPageTest -->
      <class name="com.tdm.qa.testcases.NotificationsPageTest">
        <test-method status="SKIP" signature="missingStore()[pri:1, instance:com.tdm.qa.testcases.NotificationsPageTest@531be3c5]" name="missingStore" duration-ms="0" started-at="2019-09-12T16:51:58Z" finished-at="2019-09-12T16:51:58Z">
          <reporter-output>
          </reporter-output>
        </test-method> <!-- missingStore -->
        <test-method status="SKIP" signature="setUp()[pri:0, instance:com.tdm.qa.testcases.NotificationsPageTest@531be3c5]" name="setUp" is-config="true" duration-ms="0" started-at="2019-09-12T16:51:58Z" finished-at="2019-09-12T16:51:58Z">
          <reporter-output>
          </reporter-output>
        </test-method> <!-- setUp -->
        <test-method status="SKIP" signature="tearDown()[pri:0, instance:com.tdm.qa.testcases.NotificationsPageTest@531be3c5]" name="tearDown" is-config="true" duration-ms="0" started-at="2019-09-12T16:51:58Z" finished-at="2019-09-12T16:51:58Z">
          <reporter-output>
          </reporter-output>
        </test-method> <!-- tearDown -->
      </class> <!-- com.tdm.qa.testcases.NotificationsPageTest -->
      <class name="com.tdm.qa.testcases.ResultListPageTest">
        <test-method status="SKIP" signature="downloadOfflineData()[pri:2, instance:com.tdm.qa.testcases.ResultListPageTest@34b7bfc0]" name="downloadOfflineData" duration-ms="0" started-at="2019-09-12T16:51:58Z" finished-at="2019-09-12T16:51:58Z">
          <reporter-output>
          </reporter-output>
        </test-method> <!-- downloadOfflineData -->
      </class> <!-- com.tdm.qa.testcases.ResultListPageTest -->
      <class name="com.tdm.qa.testcases.SettingsEditPageTest">
        <test-method status="SKIP" signature="assignIcon()[pri:1, instance:com.tdm.qa.testcases.SettingsEditPageTest@9f70c54]" name="assignIcon" duration-ms="0" started-at="2019-09-12T16:51:58Z" finished-at="2019-09-12T16:51:58Z">
          <reporter-output>
          </reporter-output>
        </test-method> <!-- assignIcon -->
        <test-method status="SKIP" signature="setUp()[pri:0, instance:com.tdm.qa.testcases.SettingsEditPageTest@9f70c54]" name="setUp" is-config="true" duration-ms="0" started-at="2019-09-12T16:51:58Z" finished-at="2019-09-12T16:51:58Z">
          <reporter-output>
          </reporter-output>
        </test-method> <!-- setUp -->
        <test-method status="SKIP" signature="selectReset()[pri:2, instance:com.tdm.qa.testcases.SettingsEditPageTest@9f70c54]" name="selectReset" duration-ms="0" started-at="2019-09-12T16:51:58Z" finished-at="2019-09-12T16:51:58Z">
          <reporter-output>
          </reporter-output>
        </test-method> <!-- selectReset -->
        <test-method status="SKIP" signature="setUp()[pri:0, instance:com.tdm.qa.testcases.SettingsEditPageTest@9f70c54]" name="setUp" is-config="true" duration-ms="0" started-at="2019-09-12T16:51:58Z" finished-at="2019-09-12T16:51:58Z">
          <reporter-output>
          </reporter-output>
        </test-method> <!-- setUp -->
      </class> <!-- com.tdm.qa.testcases.SettingsEditPageTest -->
    </test> <!-- Command line test -->
  </suite> <!-- Command line suite -->
</testng-results>
