<?xml version="1.0" encoding="UTF-8" ?>
<testsuite tests="80" failures="1" name="TestSuite" time="11.091" errors="0" skipped="79">
  <properties>
[...]
</properties>
  <testcase classname="com.tdm.qa.testcases.AboutPageTest" name="setUp" time="2.766">
    <failure type="java.lang.NullPointerException">java.lang.NullPointerException
	at org.openqa.selenium.support.pagefactory.DefaultElementLocator.findElement(DefaultElementLocator.java:69)
	at org.openqa.selenium.support.pagefactory.internal.LocatingElementHandler.invoke(LocatingElementHandler.java:38)
	at com.sun.proxy.$Proxy10.sendKeys(Unknown Source)
	at com.tdm.qa.pages.LoginPage.login(LoginPage.java:51)
	at com.tdm.qa.testcases.AboutPageTest.setUp(AboutPageTest.java:32)
</failure>
    <system-out>Configuring TestNG with: org.apache.maven.surefire.testng.conf.TestNG652Configurator@57fa26b7
Cause is: java.net.ConnectException: Connection refused: connect
Message is: Connection refused: connect
Build info: version: &apos;3.141.59&apos;, revision: &apos;e82be7d358&apos;, time: &apos;2018-11-14T08:17:03&apos;
System info: host: &apos;INLF6DLLH2&apos;, ip: &apos;192.168.56.1&apos;, os.name: &apos;Windows 10&apos;, os.arch: &apos;amd64&apos;, os.version: &apos;10.0&apos;, java.version: &apos;1.8.0_151&apos;
Driver info: driver.version: AndroidDriver
chandrika.shanmugam.consultant@nielsen.com
</system-out>
    <system-err>org.openqa.selenium.WebDriverException: Connection refused: connect
Build info: version: &apos;3.141.59&apos;, revision: &apos;e82be7d358&apos;, time: &apos;2018-11-14T08:17:03&apos;
System info: host: &apos;INLF6DLLH2&apos;, ip: &apos;192.168.56.1&apos;, os.name: &apos;Windows 10&apos;, os.arch: &apos;amd64&apos;, os.version: &apos;10.0&apos;, java.version: &apos;1.8.0_151&apos;
Driver info: driver.version: AndroidDriver
	at io.appium.java_client.remote.AppiumCommandExecutor.lambda$5(AppiumCommandExecutor.java:251)
	at java.util.Optional.orElseGet(Optional.java:267)
	at io.appium.java_client.remote.AppiumCommandExecutor.execute(AppiumCommandExecutor.java:250)
	at org.openqa.selenium.remote.RemoteWebDriver.execute(RemoteWebDriver.java:552)
	at io.appium.java_client.DefaultGenericMobileDriver.execute(DefaultGenericMobileDriver.java:42)
	at io.appium.java_client.AppiumDriver.execute(AppiumDriver.java:1)
	at io.appium.java_client.android.AndroidDriver.execute(AndroidDriver.java:1)
	at org.openqa.selenium.remote.RemoteWebDriver.startSession(RemoteWebDriver.java:213)
	at org.openqa.selenium.remote.RemoteWebDriver.&lt;init&gt;(RemoteWebDriver.java:131)
	at io.appium.java_client.DefaultGenericMobileDriver.&lt;init&gt;(DefaultGenericMobileDriver.java:38)
	at io.appium.java_client.AppiumDriver.&lt;init&gt;(AppiumDriver.java:84)
	at io.appium.java_client.AppiumDriver.&lt;init&gt;(AppiumDriver.java:94)
	at io.appium.java_client.android.AndroidDriver.&lt;init&gt;(AndroidDriver.java:95)
	at com.tdm.qa.base.BaseClass.initialization(BaseClass.java:48)
	at com.tdm.qa.testcases.AboutPageTest.setUp(AboutPageTest.java:27)
	at sun.reflect.NativeMethodAccessorImpl.invoke0(Native Method)
	at sun.reflect.NativeMethodAccessorImpl.invoke(NativeMethodAccessorImpl.java:62)
	at sun.reflect.DelegatingMethodAccessorImpl.invoke(DelegatingMethodAccessorImpl.java:43)
	at java.lang.reflect.Method.invoke(Method.java:498)
	at org.testng.internal.MethodInvocationHelper.invokeMethod(MethodInvocationHelper.java:86)
	at org.testng.internal.Invoker.invokeConfigurationMethod(Invoker.java:514)
	at org.testng.internal.Invoker.invokeConfigurations(Invoker.java:215)
	at org.testng.internal.Invoker.invokeConfigurations(Invoker.java:142)
	at org.testng.TestRunner.beforeRun(TestRunner.java:656)
	at org.testng.TestRunner.run(TestRunner.java:624)
	at org.testng.SuiteRunner.runTest(SuiteRunner.java:366)
	at org.testng.SuiteRunner.runSequentially(SuiteRunner.java:361)
	at org.testng.SuiteRunner.privateRun(SuiteRunner.java:319)
	at org.testng.SuiteRunner.run(SuiteRunner.java:268)
	at org.testng.SuiteRunnerWorker.runSuite(SuiteRunnerWorker.java:52)
	at org.testng.SuiteRunnerWorker.run(SuiteRunnerWorker.java:86)
	at org.testng.TestNG.runSuitesSequentially(TestNG.java:1244)
	at org.testng.TestNG.runSuitesLocally(TestNG.java:1169)
	at org.testng.TestNG.run(TestNG.java:1064)
	at org.apache.maven.surefire.testng.TestNGExecutor.run(TestNGExecutor.java:77)
	at org.apache.maven.surefire.testng.TestNGDirectoryTestSuite.executeMulti(TestNGDirectoryTestSuite.java:159)
	at org.apache.maven.surefire.testng.TestNGDirectoryTestSuite.execute(TestNGDirectoryTestSuite.java:99)
	at org.apache.maven.surefire.testng.TestNGProvider.invoke(TestNGProvider.java:106)
	at sun.reflect.NativeMethodAccessorImpl.invoke0(Native Method)
	at sun.reflect.NativeMethodAccessorImpl.invoke(NativeMethodAccessorImpl.java:62)
	at sun.reflect.DelegatingMethodAccessorImpl.invoke(DelegatingMethodAccessorImpl.java:43)
	at java.lang.reflect.Method.invoke(Method.java:498)
	at org.apache.maven.surefire.util.ReflectionUtils.invokeMethodWithArray(ReflectionUtils.java:189)
	at org.apache.maven.surefire.booter.ProviderFactory$ProviderProxy.invoke(ProviderFactory.java:165)
	at org.apache.maven.surefire.booter.ProviderFactory.invokeProvider(ProviderFactory.java:85)
	at org.apache.maven.surefire.booter.ForkedBooter.runSuitesInProcess(ForkedBooter.java:115)
	at org.apache.maven.surefire.booter.ForkedBooter.main(ForkedBooter.java:75)
Caused by: java.net.ConnectException: Connection refused: connect
	at java.net.DualStackPlainSocketImpl.waitForConnect(Native Method)
	at java.net.DualStackPlainSocketImpl.socketConnect(DualStackPlainSocketImpl.java:85)
	at java.net.AbstractPlainSocketImpl.doConnect(AbstractPlainSocketImpl.java:350)
	at java.net.AbstractPlainSocketImpl.connectToAddress(AbstractPlainSocketImpl.java:206)
	at java.net.AbstractPlainSocketImpl.connect(AbstractPlainSocketImpl.java:188)
	at java.net.PlainSocketImpl.connect(PlainSocketImpl.java:172)
	at java.net.SocksSocketImpl.connect(SocksSocketImpl.java:392)
	at java.net.Socket.connect(Socket.java:589)
	at okhttp3.internal.platform.Platform.connectSocket(Platform.java:129)
	at okhttp3.internal.connection.RealConnection.connectSocket(RealConnection.java:245)
	at okhttp3.internal.connection.RealConnection.connect(RealConnection.java:165)
	at okhttp3.internal.connection.StreamAllocation.findConnection(StreamAllocation.java:257)
	at okhttp3.internal.connection.StreamAllocation.findHealthyConnection(StreamAllocation.java:135)
	at okhttp3.internal.connection.StreamAllocation.newStream(StreamAllocation.java:114)
	at okhttp3.internal.connection.ConnectInterceptor.intercept(ConnectInterceptor.java:42)
	at okhttp3.internal.http.RealInterceptorChain.proceed(RealInterceptorChain.java:147)
	at okhttp3.internal.http.RealInterceptorChain.proceed(RealInterceptorChain.java:121)
	at okhttp3.internal.cache.CacheInterceptor.intercept(CacheInterceptor.java:93)
	at okhttp3.internal.http.RealInterceptorChain.proceed(RealInterceptorChain.java:147)
	at okhttp3.internal.http.RealInterceptorChain.proceed(RealInterceptorChain.java:121)
	at okhttp3.internal.http.BridgeInterceptor.intercept(BridgeInterceptor.java:93)
	at okhttp3.internal.http.RealInterceptorChain.proceed(RealInterceptorChain.java:147)
	at okhttp3.internal.http.RetryAndFollowUpInterceptor.intercept(RetryAndFollowUpInterceptor.java:126)
	at okhttp3.internal.http.RealInterceptorChain.proceed(RealInterceptorChain.java:147)
	at okhttp3.internal.http.RealInterceptorChain.proceed(RealInterceptorChain.java:121)
	at okhttp3.RealCall.getResponseWithInterceptorChain(RealCall.java:200)
	at okhttp3.RealCall.execute(RealCall.java:77)
	at org.openqa.selenium.remote.internal.OkHttpClient.execute(OkHttpClient.java:103)
	at org.openqa.selenium.remote.ProtocolHandshake.createSession(ProtocolHandshake.java:105)
	at sun.reflect.NativeMethodAccessorImpl.invoke0(Native Method)
	at sun.reflect.NativeMethodAccessorImpl.invoke(NativeMethodAccessorImpl.java:62)
	at sun.reflect.DelegatingMethodAccessorImpl.invoke(DelegatingMethodAccessorImpl.java:43)
	at java.lang.reflect.Method.invoke(Method.java:498)
	at io.appium.java_client.remote.AppiumCommandExecutor$1.createSession(AppiumCommandExecutor.java:186)
	at io.appium.java_client.remote.AppiumCommandExecutor.createSession(AppiumCommandExecutor.java:217)
	at io.appium.java_client.remote.AppiumCommandExecutor.execute(AppiumCommandExecutor.java:239)
	... 44 more
</system-err>
  </testcase>
  <testcase classname="com.tdm.qa.testcases.AboutPageTest" name="setUp" time="2.768">
    <skipped/>
  </testcase>
  <testcase classname="com.tdm.qa.testcases.AboutPageTest" name="setUp" time="2.768">
    <skipped/>
  </testcase>
  <testcase classname="com.tdm.qa.testcases.AboutPageTest" name="SetUp" time="2.768">
    <skipped/>
  </testcase>
  <testcase classname="com.tdm.qa.testcases.AboutPageTest" name="validateAboutPage" time="0">
    <skipped/>
  </testcase>
  <testcase classname="com.tdm.qa.testcases.AddNotifPageTest" name="setUp" time="0">
    <skipped/>
  </testcase>
  <testcase classname="com.tdm.qa.testcases.AddNotifPageTest" name="addNotification" time="0.004">
    <skipped/>
  </testcase>
  <testcase classname="com.tdm.qa.testcases.AddNotifPageTest" name="tearDown" time="0.004">
    <skipped/>
  </testcase>
  <testcase classname="com.tdm.qa.testcases.CheckInHistoryPageTest" name="setUp" time="0.005">
    <skipped/>
  </testcase>
  <testcase classname="com.tdm.qa.testcases.CheckInHistoryPageTest" name="verifyCheckInHist" time="0">
    <skipped/>
  </testcase>
  <testcase classname="com.tdm.qa.testcases.CheckInHistoryPageTest" name="tearDown" time="0">
    <skipped/>
  </testcase>
  <testcase classname="com.tdm.qa.testcases.CheckInPageTest" name="setUp" time="0">
    <skipped/>
  </testcase>
  <testcase classname="com.tdm.qa.testcases.CheckInPageTest" name="checkInComm" time="0">
    <skipped/>
  </testcase>
  <testcase classname="com.tdm.qa.testcases.CheckInPageTest" name="tearDown" time="0">
    <skipped/>
  </testcase>
  <testcase classname="com.tdm.qa.testcases.LoginPageTest" name="setUp" time="0">
    <skipped/>
  </testcase>
  <testcase classname="com.tdm.qa.testcases.LoginPageTest" name="loginTest" time="0.002">
    <skipped/>
  </testcase>
  <testcase classname="com.tdm.qa.testcases.LoginPageTest" name="tearDown" time="0.002">
    <skipped/>
  </testcase>
  <testcase classname="com.tdm.qa.testcases.MissingStorePageTest" name="setUp" time="0.002">
    <skipped/>
  </testcase>
  <testcase classname="com.tdm.qa.testcases.MissingStorePageTest" name="enterMissigStoreDetails" time="0">
    <skipped/>
  </testcase>
  <testcase classname="com.tdm.qa.testcases.MissingStorePageTest" name="tearDown" time="0">
    <skipped/>
  </testcase>
  <testcase classname="com.tdm.qa.testcases.OwnDataPageTest" name="setUp" time="0">
    <skipped/>
  </testcase>
  <testcase classname="com.tdm.qa.testcases.OwnDataPageTest" name="fillOwnData" time="0">
    <skipped/>
  </testcase>
  <testcase classname="com.tdm.qa.testcases.OwnDataPageTest" name="tearDown" time="0">
    <skipped/>
  </testcase>
  <testcase classname="com.tdm.qa.testcases.SavedQueryPageTest" name="setUp" time="0">
    <skipped/>
  </testcase>
  <testcase classname="com.tdm.qa.testcases.SavedQueryPageTest" name="verifySavedQueryPage" time="0">
    <skipped/>
  </testcase>
  <testcase classname="com.tdm.qa.testcases.SavedQueryPageTest" name="tearDown" time="0">
    <skipped/>
  </testcase>
  <testcase classname="com.tdm.qa.testcases.AdvSearchPageTest" name="setUp" time="0">
    <skipped/>
  </testcase>
  <testcase classname="com.tdm.qa.testcases.AdvSearchPageTest" name="saveQuery" time="0">
    <skipped/>
  </testcase>
  <testcase classname="com.tdm.qa.testcases.HierarchiesPageTest" name="selectStoreAcc" time="0">
    <skipped/>
  </testcase>
  <testcase classname="com.tdm.qa.testcases.HierarchiesPageTest" name="tearDown" time="0">
    <skipped/>
  </testcase>
  <testcase classname="com.tdm.qa.testcases.HomePageTest" name="setUp" time="0">
    <skipped/>
  </testcase>
  <testcase classname="com.tdm.qa.testcases.HomePageTest" name="verifyHomePage" time="0">
    <skipped/>
  </testcase>
  <testcase classname="com.tdm.qa.testcases.HomePageTest" name="tearDown" time="0">
    <skipped/>
  </testcase>
  <testcase classname="com.tdm.qa.testcases.MoreOptionPageTest" name="setUp" time="0">
    <skipped/>
  </testcase>
  <testcase classname="com.tdm.qa.testcases.MoreOptionPageTest" name="verifyMoreOptionpopup" time="0">
    <skipped/>
  </testcase>
  <testcase classname="com.tdm.qa.testcases.MoreOptionPageTest" name="tearDown" time="0">
    <skipped/>
  </testcase>
  <testcase classname="com.tdm.qa.testcases.NearMePageTest" name="setUp" time="0">
    <skipped/>
  </testcase>
  <testcase classname="com.tdm.qa.testcases.NearMePageTest" name="validateNavigationOption" time="0">
    <skipped/>
  </testcase>
  <testcase classname="com.tdm.qa.testcases.NearMePageTest" name="tearDown" time="0">
    <skipped/>
  </testcase>
  <testcase classname="com.tdm.qa.testcases.NotificationsPageTest" name="setUp" time="0">
    <skipped/>
  </testcase>
  <testcase classname="com.tdm.qa.testcases.NotificationsPageTest" name="missingStore" time="0">
    <skipped/>
  </testcase>
  <testcase classname="com.tdm.qa.testcases.NotificationsPageTest" name="tearDown" time="0">
    <skipped/>
  </testcase>
  <testcase classname="com.tdm.qa.testcases.OfflineDataPageTest" name="verifyOfflineDataPage" time="0">
    <skipped/>
  </testcase>
  <testcase classname="com.tdm.qa.testcases.OfflineDataPageTest" name="tearDown" time="0">
    <skipped/>
  </testcase>
  <testcase classname="com.tdm.qa.testcases.PrevCheckinPageTest" name="setUp" time="0">
    <skipped/>
  </testcase>
  <testcase classname="com.tdm.qa.testcases.PrevCheckinPageTest" name="validatePrevCheckin" time="0">
    <skipped/>
  </testcase>
  <testcase classname="com.tdm.qa.testcases.SelectFieldPageTest" name="setUp" time="0.001">
    <skipped/>
  </testcase>
  <testcase classname="com.tdm.qa.testcases.SelectFieldPageTest" name="setLegendAndSettingsPage" time="0">
    <skipped/>
  </testcase>
  <testcase classname="com.tdm.qa.testcases.SelectFieldPageTest" name="tearDown" time="0">
    <skipped/>
  </testcase>
  <testcase classname="com.tdm.qa.testcases.SettingsEditPageTest" name="setUp" time="0">
    <skipped/>
  </testcase>
  <testcase classname="com.tdm.qa.testcases.SettingsEditPageTest" name="assignIcon" time="0">
    <skipped/>
  </testcase>
  <testcase classname="com.tdm.qa.testcases.SignOutPageTest" name="setUp" time="0">
    <skipped/>
  </testcase>
  <testcase classname="com.tdm.qa.testcases.SignOutPageTest" name="signOutNoOption" time="0">
    <skipped/>
  </testcase>
  <testcase classname="com.tdm.qa.testcases.StoreDetailsPageTest" name="setUp" time="0.001">
    <skipped/>
  </testcase>
  <testcase classname="com.tdm.qa.testcases.StoreDetailsPageTest" name="verifyStoreHierarchy" time="0">
    <skipped/>
  </testcase>
  <testcase classname="com.tdm.qa.testcases.StoreDetailsPageTest" name="tearDown" time="0">
    <skipped/>
  </testcase>
  <testcase classname="com.tdm.qa.testcases.HomePageTest" name="setUp" time="0">
    <skipped/>
  </testcase>
  <testcase classname="com.tdm.qa.testcases.HomePageTest" name="validateGoogleSearch" time="0">
    <skipped/>
  </testcase>
  <testcase classname="com.tdm.qa.testcases.HomePageTest" name="tearDown" time="0">
    <skipped/>
  </testcase>
  <testcase classname="com.tdm.qa.testcases.ResultListPageTest" name="downloadOfflineData" time="0">
    <skipped/>
  </testcase>
  <testcase classname="com.tdm.qa.testcases.SelectFieldPageTest" name="setUp" time="0">
    <skipped/>
  </testcase>
  <testcase classname="com.tdm.qa.testcases.SelectFieldPageTest" name="selectFieldAndHomePage" time="0">
    <skipped/>
  </testcase>
  <testcase classname="com.tdm.qa.testcases.SelectFieldPageTest" name="tearDown" time="0">
    <skipped/>
  </testcase>
  <testcase classname="com.tdm.qa.testcases.SettingsEditPageTest" name="setUp" time="0">
    <skipped/>
  </testcase>
  <testcase classname="com.tdm.qa.testcases.SettingsEditPageTest" name="selectReset" time="0">
    <skipped/>
  </testcase>
  <testcase classname="com.tdm.qa.testcases.SettingsPageTest" name="setUp" time="0">
    <skipped/>
  </testcase>
  <testcase classname="com.tdm.qa.testcases.SettingsPageTest" name="resetLegend" time="0">
    <skipped/>
  </testcase>
  <testcase classname="com.tdm.qa.testcases.SettingsPageTest" name="tearDown" time="0">
    <skipped/>
  </testcase>
  <testcase classname="com.tdm.qa.testcases.SignOutPageTest" name="setUp" time="0">
    <skipped/>
  </testcase>
  <testcase classname="com.tdm.qa.testcases.SignOutPageTest" name="signOutYesOption" time="0">
    <skipped/>
  </testcase>
  <testcase classname="com.tdm.qa.testcases.StoreDetailsPageTest" name="setUp" time="0">
    <skipped/>
  </testcase>
  <testcase classname="com.tdm.qa.testcases.StoreDetailsPageTest" name="clickOnStoreMoreOpt" time="0">
    <skipped/>
  </testcase>
  <testcase classname="com.tdm.qa.testcases.StoreDetailsPageTest" name="tearDown" time="0">
    <skipped/>
  </testcase>
  <testcase classname="com.tdm.qa.testcases.HomePageTest" name="setUp" time="0">
    <skipped/>
  </testcase>
  <testcase classname="com.tdm.qa.testcases.HomePageTest" name="validateNielsenSearch" time="0">
    <skipped/>
  </testcase>
  <testcase classname="com.tdm.qa.testcases.HomePageTest" name="tearDown" time="0">
    <skipped/>
  </testcase>
  <testcase classname="com.tdm.qa.testcases.AboutPageTest" name="tearDown" time="0">
    <skipped/>
  </testcase>
  <testcase classname="com.tdm.qa.testcases.AboutPageTest" name="tearDown" time="0">
    <skipped/>
  </testcase>
  <testcase classname="com.tdm.qa.testcases.AboutPageTest" name="tearDown" time="0">
    <skipped/>
  </testcase>
  <testcase classname="com.tdm.qa.testcases.AboutPageTest" name="tearDown" time="0">
    <skipped/>
  </testcase>
</testsuite>