<?xml version="1.0" encoding="UTF-8" ?>
<testsuite tests="38" failures="1" name="TestSuite" time="1.111" errors="0" skipped="5">
  <properties>
[...]
</properties>
  <testcase classname="com.tdm.qa.testcases.AboutPageTest" name="validateAboutPage" time="1.038"/>
  <testcase classname="com.tdm.qa.testcases.AddNotifPageTest" name="addNotification" time="0.004"/>
  <testcase classname="com.tdm.qa.testcases.CheckInHistoryPageTest" name="verifyCheckInHist" time="0"/>
  <testcase classname="com.tdm.qa.testcases.CheckInPageTest" name="checkInComm" time="0"/>
  <testcase classname="com.tdm.qa.testcases.LoginPageTest" name="loginTest" time="0.001"/>
  <testcase classname="com.tdm.qa.testcases.MissingStorePageTest" name="enterMissigStoreDetails" time="0"/>
  <testcase classname="com.tdm.qa.testcases.OwnDataPageTest" name="fillOwnData" time="0"/>
  <testcase classname="com.tdm.qa.testcases.StoreMoreOptPageTest" name="clickOnMoreOpt" time="0"/>
  <testcase classname="com.tdm.qa.testcases.AdvSearchPageTest" name="saveQuery" time="0.002"/>
  <testcase classname="com.tdm.qa.testcases.HierarchiesPageTest" name="selectStoreAcc" time="0"/>
  <testcase classname="com.tdm.qa.testcases.HomePageTest" name="verifyHomePage" time="0"/>
  <testcase classname="com.tdm.qa.testcases.MoreOptionPageTest" name="verifyMoreOptionpopup" time="0"/>
  <testcase classname="com.tdm.qa.testcases.NearMePageTest" name="validateNavigationOption" time="0"/>
  <testcase classname="com.tdm.qa.testcases.NotificationsPageTest" name="missingStore" time="0"/>
  <testcase classname="com.tdm.qa.testcases.OfflineDataPageTest" name="downloadOfflineData" time="0"/>
  <testcase classname="com.tdm.qa.testcases.PrevCheckinPageTest" name="validatePrevCheckin" time="0"/>
  <testcase classname="com.tdm.qa.testcases.ResultListPageTest" name="verifyResultList" time="0"/>
  <testcase classname="com.tdm.qa.testcases.SavedQueryPageTest" name="verifySavedQueryPage" time="0"/>
  <testcase classname="com.tdm.qa.testcases.SelectFieldPageTest" name="setLegendAndSettingsPage" time="0"/>
  <testcase classname="com.tdm.qa.testcases.SettingsEditPageTest" name="selectReset" time="0"/>
  <testcase classname="com.tdm.qa.testcases.SettingsPageTest" name="resetLegend" time="0"/>
  <testcase classname="com.tdm.qa.testcases.SignOutPageTest" name="signOutNoOption" time="0"/>
  <testcase classname="com.tdm.qa.testcases.StoreDetailsPageTest" name="verifyStoreHierarchy" time="0"/>
  <testcase classname="com.tdm.qa.testcases.AdvSearchPageTest" name="setUp" time="0.063">
    <failure message="An element could not be located on the page using the given search parameters.
For documentation on this error, please visit: https://www.seleniumhq.org/exceptions/no_such_element.html
Build info: version: &apos;3.141.59&apos;, revision: &apos;e82be7d358&apos;, time: &apos;2018-11-14T08:17:03&apos;
System info: host: &apos;INLF6DLLH2&apos;, ip: &apos;192.168.56.1&apos;, os.name: &apos;Windows 10&apos;, os.arch: &apos;amd64&apos;, os.version: &apos;10.0&apos;, java.version: &apos;1.8.0_151&apos;
Driver info: io.appium.java_client.android.AndroidDriver
Capabilities {app: C:\Users\dhsa7001\eclipse-w..., appActivity: md54e9aad3514586715abecb6fd..., appPackage: com.nielsen.TDMobileX, autoGrantPermissions: true, databaseEnabled: false, desired: {app: C:\Users\dhsa7001\eclipse-w..., appActivity: md54e9aad3514586715abecb6fd..., appPackage: com.nielsen.TDMobileX, autoGrantPermissions: true, deviceName: mydevice, platformName: android}, deviceManufacturer: samsung, deviceModel: SM-N950F, deviceName: 988a9b31423738305930, deviceScreenSize: 1440x2960, deviceUDID: 988a9b31423738305930, javascriptEnabled: true, locationContextEnabled: false, networkConnectionEnabled: true, platform: LINUX, platformName: Android, platformVersion: 9, takesScreenshot: true, warnings: {}, webStorageEnabled: false}
Session ID: c2c92037-3620-4a61-92c4-d3716c67f49b
*** Element info: {Using=xpath, value=//*[@text=&apos;No of opening hours per weekday&apos;]//following::android.view.ViewGroup[@index=&apos;5&apos;]}" type="org.openqa.selenium.NoSuchElementException">org.openqa.selenium.NoSuchElementException: An element could not be located on the page using the given search parameters.
For documentation on this error, please visit: https://www.seleniumhq.org/exceptions/no_such_element.html
Build info: version: &apos;3.141.59&apos;, revision: &apos;e82be7d358&apos;, time: &apos;2018-11-14T08:17:03&apos;
System info: host: &apos;INLF6DLLH2&apos;, ip: &apos;192.168.56.1&apos;, os.name: &apos;Windows 10&apos;, os.arch: &apos;amd64&apos;, os.version: &apos;10.0&apos;, java.version: &apos;1.8.0_151&apos;
Driver info: io.appium.java_client.android.AndroidDriver
Capabilities {app: C:\Users\dhsa7001\eclipse-w..., appActivity: md54e9aad3514586715abecb6fd..., appPackage: com.nielsen.TDMobileX, autoGrantPermissions: true, databaseEnabled: false, desired: {app: C:\Users\dhsa7001\eclipse-w..., appActivity: md54e9aad3514586715abecb6fd..., appPackage: com.nielsen.TDMobileX, autoGrantPermissions: true, deviceName: mydevice, platformName: android}, deviceManufacturer: samsung, deviceModel: SM-N950F, deviceName: 988a9b31423738305930, deviceScreenSize: 1440x2960, deviceUDID: 988a9b31423738305930, javascriptEnabled: true, locationContextEnabled: false, networkConnectionEnabled: true, platform: LINUX, platformName: Android, platformVersion: 9, takesScreenshot: true, warnings: {}, webStorageEnabled: false}
Session ID: c2c92037-3620-4a61-92c4-d3716c67f49b
*** Element info: {Using=xpath, value=//*[@text=&apos;No of opening hours per weekday&apos;]//following::android.view.ViewGroup[@index=&apos;5&apos;]}
	at sun.reflect.NativeConstructorAccessorImpl.newInstance0(Native Method)
	at sun.reflect.NativeConstructorAccessorImpl.newInstance(NativeConstructorAccessorImpl.java:62)
	at sun.reflect.DelegatingConstructorAccessorImpl.newInstance(DelegatingConstructorAccessorImpl.java:45)
	at java.lang.reflect.Constructor.newInstance(Constructor.java:423)
	at org.openqa.selenium.remote.http.W3CHttpResponseCodec.createException(W3CHttpResponseCodec.java:187)
	at org.openqa.selenium.remote.http.W3CHttpResponseCodec.decode(W3CHttpResponseCodec.java:122)
	at org.openqa.selenium.remote.http.W3CHttpResponseCodec.decode(W3CHttpResponseCodec.java:49)
	at org.openqa.selenium.remote.HttpCommandExecutor.execute(HttpCommandExecutor.java:158)
	at io.appium.java_client.remote.AppiumCommandExecutor.execute(AppiumCommandExecutor.java:239)
	at org.openqa.selenium.remote.RemoteWebDriver.execute(RemoteWebDriver.java:552)
	at io.appium.java_client.DefaultGenericMobileDriver.execute(DefaultGenericMobileDriver.java:42)
	at io.appium.java_client.AppiumDriver.execute(AppiumDriver.java:1)
	at io.appium.java_client.android.AndroidDriver.execute(AndroidDriver.java:1)
	at org.openqa.selenium.remote.RemoteWebDriver.findElement(RemoteWebDriver.java:323)
	at io.appium.java_client.DefaultGenericMobileDriver.findElement(DefaultGenericMobileDriver.java:62)
	at io.appium.java_client.AppiumDriver.findElement(AppiumDriver.java:1)
	at io.appium.java_client.android.AndroidDriver.findElement(AndroidDriver.java:1)
	at org.openqa.selenium.remote.RemoteWebDriver.findElementByXPath(RemoteWebDriver.java:428)
	at io.appium.java_client.DefaultGenericMobileDriver.findElementByXPath(DefaultGenericMobileDriver.java:152)
	at io.appium.java_client.AppiumDriver.findElementByXPath(AppiumDriver.java:1)
	at io.appium.java_client.android.AndroidDriver.findElementByXPath(AndroidDriver.java:1)
	at org.openqa.selenium.By$ByXPath.findElement(By.java:353)
	at org.openqa.selenium.remote.RemoteWebDriver.findElement(RemoteWebDriver.java:315)
	at io.appium.java_client.DefaultGenericMobileDriver.findElement(DefaultGenericMobileDriver.java:58)
	at io.appium.java_client.AppiumDriver.findElement(AppiumDriver.java:1)
	at io.appium.java_client.android.AndroidDriver.findElement(AndroidDriver.java:1)
	at com.tdm.qa.pages.AdvSearchPage.selectOperator(AdvSearchPage.java:206)
	at com.tdm.qa.testcases.AdvSearchPageTest.setUp(AdvSearchPageTest.java:48)
</failure>
    <system-out>Cause is: null
Message is: Method has not yet been implemented
Build info: version: &apos;3.141.59&apos;, revision: &apos;e82be7d358&apos;, time: &apos;2018-11-14T08:17:03&apos;
System info: host: &apos;INLF6DLLH2&apos;, ip: &apos;192.168.56.1&apos;, os.name: &apos;Windows 10&apos;, os.arch: &apos;amd64&apos;, os.version: &apos;10.0&apos;, java.version: &apos;1.8.0_151&apos;
Driver info: io.appium.java_client.android.AndroidDriver
Capabilities {app: C:\Users\dhsa7001\eclipse-w..., appActivity: md54e9aad3514586715abecb6fd..., appPackage: com.nielsen.TDMobileX, autoGrantPermissions: true, databaseEnabled: false, desired: {app: C:\Users\dhsa7001\eclipse-w..., appActivity: md54e9aad3514586715abecb6fd..., appPackage: com.nielsen.TDMobileX, autoGrantPermissions: true, deviceName: mydevice, platformName: android}, deviceManufacturer: samsung, deviceModel: SM-N950F, deviceName: 988a9b31423738305930, deviceScreenSize: 1440x2960, deviceUDID: 988a9b31423738305930, javascriptEnabled: true, locationContextEnabled: false, networkConnectionEnabled: true, platform: LINUX, platformName: Android, platformVersion: 9, takesScreenshot: true, warnings: {}, webStorageEnabled: false}
Session ID: c2c92037-3620-4a61-92c4-d3716c67f49b
chandrika.shanmugam.consultant@nielsen.com
chandrika.shanmugam.consultant@nielsen.com
op: starts with
op: equals
</system-out>
    <system-err>Oct 15, 2019 12:12:44 PM io.appium.java_client.remote.AppiumCommandExecutor$1 lambda$0
INFO: Detected dialect: W3C
Oct 15, 2019 12:12:44 PM org.openqa.selenium.remote.ErrorCodes toStatus
INFO: HTTP Status: &apos;404&apos; -&gt; incorrect JSON status mapping for &apos;unknown method&apos; (405 expected)
org.openqa.selenium.UnsupportedCommandException: Method has not yet been implemented
Build info: version: &apos;3.141.59&apos;, revision: &apos;e82be7d358&apos;, time: &apos;2018-11-14T08:17:03&apos;
System info: host: &apos;INLF6DLLH2&apos;, ip: &apos;192.168.56.1&apos;, os.name: &apos;Windows 10&apos;, os.arch: &apos;amd64&apos;, os.version: &apos;10.0&apos;, java.version: &apos;1.8.0_151&apos;
Driver info: io.appium.java_client.android.AndroidDriver
Capabilities {app: C:\Users\dhsa7001\eclipse-w..., appActivity: md54e9aad3514586715abecb6fd..., appPackage: com.nielsen.TDMobileX, autoGrantPermissions: true, databaseEnabled: false, desired: {app: C:\Users\dhsa7001\eclipse-w..., appActivity: md54e9aad3514586715abecb6fd..., appPackage: com.nielsen.TDMobileX, autoGrantPermissions: true, deviceName: mydevice, platformName: android}, deviceManufacturer: samsung, deviceModel: SM-N950F, deviceName: 988a9b31423738305930, deviceScreenSize: 1440x2960, deviceUDID: 988a9b31423738305930, javascriptEnabled: true, locationContextEnabled: false, networkConnectionEnabled: true, platform: LINUX, platformName: Android, platformVersion: 9, takesScreenshot: true, warnings: {}, webStorageEnabled: false}
Session ID: c2c92037-3620-4a61-92c4-d3716c67f49b
	at sun.reflect.GeneratedConstructorAccessor23.newInstance(Unknown Source)
	at sun.reflect.DelegatingConstructorAccessorImpl.newInstance(DelegatingConstructorAccessorImpl.java:45)
	at java.lang.reflect.Constructor.newInstance(Constructor.java:423)
	at org.openqa.selenium.remote.http.W3CHttpResponseCodec.createException(W3CHttpResponseCodec.java:187)
	at org.openqa.selenium.remote.http.W3CHttpResponseCodec.decode(W3CHttpResponseCodec.java:122)
	at org.openqa.selenium.remote.http.W3CHttpResponseCodec.decode(W3CHttpResponseCodec.java:49)
	at org.openqa.selenium.remote.HttpCommandExecutor.execute(HttpCommandExecutor.java:158)
	at io.appium.java_client.remote.AppiumCommandExecutor.execute(AppiumCommandExecutor.java:239)
	at org.openqa.selenium.remote.RemoteWebDriver.execute(RemoteWebDriver.java:552)
	at io.appium.java_client.DefaultGenericMobileDriver.execute(DefaultGenericMobileDriver.java:46)
	at io.appium.java_client.AppiumDriver.execute(AppiumDriver.java:1)
	at io.appium.java_client.android.AndroidDriver.execute(AndroidDriver.java:1)
	at org.openqa.selenium.remote.RemoteWebDriver$RemoteWebDriverOptions.deleteAllCookies(RemoteWebDriver.java:694)
	at com.tdm.qa.base.BaseClass.initialization(BaseClass.java:53)
	at com.tdm.qa.testcases.AdvSearchPageTest.setUp(AdvSearchPageTest.java:29)
	at sun.reflect.NativeMethodAccessorImpl.invoke0(Native Method)
	at sun.reflect.NativeMethodAccessorImpl.invoke(NativeMethodAccessorImpl.java:62)
	at sun.reflect.DelegatingMethodAccessorImpl.invoke(DelegatingMethodAccessorImpl.java:43)
	at java.lang.reflect.Method.invoke(Method.java:498)
	at org.testng.internal.MethodInvocationHelper.invokeMethod(MethodInvocationHelper.java:86)
	at org.testng.internal.Invoker.invokeConfigurationMethod(Invoker.java:514)
	at org.testng.internal.Invoker.invokeConfigurations(Invoker.java:215)
	at org.testng.internal.Invoker.invokeMethod(Invoker.java:589)
	at org.testng.internal.Invoker.invokeTestMethod(Invoker.java:820)
	at org.testng.internal.Invoker.invokeTestMethods(Invoker.java:1128)
	at org.testng.internal.TestMethodWorker.invokeTestMethods(TestMethodWorker.java:129)
	at org.testng.internal.TestMethodWorker.run(TestMethodWorker.java:112)
	at org.testng.TestRunner.privateRun(TestRunner.java:782)
	at org.testng.TestRunner.run(TestRunner.java:632)
	at org.testng.SuiteRunner.runTest(SuiteRunner.java:366)
	at org.testng.SuiteRunner.runSequentially(SuiteRunner.java:361)
	at org.testng.SuiteRunner.privateRun(SuiteRunner.java:319)
	at org.testng.SuiteRunner.run(SuiteRunner.java:268)
	at org.testng.SuiteRunnerWorker.runSuite(SuiteRunnerWorker.java:52)
	at org.testng.SuiteRunnerWorker.run(SuiteRunnerWorker.java:86)
	at org.testng.TestNG.runSuitesSequentially(TestNG.java:1244)
	at org.testng.TestNG.runSuitesLocally(TestNG.java:1169)
	at org.testng.TestNG.run(TestNG.java:1064)
	at org.apache.maven.surefire.testng.TestNGExecutor.run(TestNGExecutor.java:77)
	at org.apache.maven.surefire.testng.TestNGDirectoryTestSuite.executeMulti(TestNGDirectoryTestSuite.java:159)
	at org.apache.maven.surefire.testng.TestNGDirectoryTestSuite.execute(TestNGDirectoryTestSuite.java:99)
	at org.apache.maven.surefire.testng.TestNGProvider.invoke(TestNGProvider.java:106)
	at sun.reflect.NativeMethodAccessorImpl.invoke0(Native Method)
	at sun.reflect.NativeMethodAccessorImpl.invoke(NativeMethodAccessorImpl.java:62)
	at sun.reflect.DelegatingMethodAccessorImpl.invoke(DelegatingMethodAccessorImpl.java:43)
	at java.lang.reflect.Method.invoke(Method.java:498)
	at org.apache.maven.surefire.util.ReflectionUtils.invokeMethodWithArray(ReflectionUtils.java:189)
	at org.apache.maven.surefire.booter.ProviderFactory$ProviderProxy.invoke(ProviderFactory.java:165)
	at org.apache.maven.surefire.booter.ProviderFactory.invokeProvider(ProviderFactory.java:85)
	at org.apache.maven.surefire.booter.ForkedBooter.runSuitesInProcess(ForkedBooter.java:115)
	at org.apache.maven.surefire.booter.ForkedBooter.main(ForkedBooter.java:75)
</system-err>
  </testcase>
  <testcase classname="com.tdm.qa.testcases.AdvSearchPageTest" name="applySearch" time="0">
    <skipped/>
  </testcase>
  <testcase classname="com.tdm.qa.testcases.AdvSearchPageTest" name="tearDown" time="0">
    <skipped/>
  </testcase>
  <testcase classname="com.tdm.qa.testcases.HomePageTest" name="validateGoogleSearch" time="0"/>
  <testcase classname="com.tdm.qa.testcases.SavedQueryPageTest" name="verifyApplySearch" time="0"/>
  <testcase classname="com.tdm.qa.testcases.SelectFieldPageTest" name="selectFieldAndHomePage" time="0.001"/>
  <testcase classname="com.tdm.qa.testcases.SignOutPageTest" name="signOutYesOption" time="0"/>
  <testcase classname="com.tdm.qa.testcases.AdvSearchPageTest" name="setUp" time="0.001">
    <skipped/>
  </testcase>
  <testcase classname="com.tdm.qa.testcases.AdvSearchPageTest" name="resetQuery" time="0">
    <skipped/>
  </testcase>
  <testcase classname="com.tdm.qa.testcases.AdvSearchPageTest" name="tearDown" time="0">
    <skipped/>
  </testcase>
  <testcase classname="com.tdm.qa.testcases.HomePageTest" name="validateNielsenSearch" time="0"/>
  <testcase classname="com.tdm.qa.testcases.SavedQueryPageTest" name="saveAsQuery" time="0"/>
  <testcase classname="com.tdm.qa.testcases.SavedQueryPageTest" name="saveQuery" time="0.001"/>
  <testcase classname="com.tdm.qa.testcases.SavedQueryPageTest" name="clickOnReset" time="0"/>
  <testcase classname="com.tdm.qa.testcases.SavedQueryPageTest" name="deleteQuery" time="0"/>
</testsuite>