<?xml version="1.0" encoding="UTF-8"?>
<testng-results skipped="0" failed="0" total="1" passed="1">
  <reporter-output>
  </reporter-output>
  <suite name="Default suite" duration-ms="140496" started-at="2019-09-25T11:17:48Z" finished-at="2019-09-25T11:20:09Z">
    <groups>
    </groups>
    <test name="Default test" duration-ms="140496" started-at="2019-09-25T11:17:48Z" finished-at="2019-09-25T11:20:09Z">
      <class name="com.tdm.qa.testcases.SavedQueryPageTest">
        <test-method status="PASS" signature="setUp()[pri:0, instance:com.tdm.qa.testcases.SavedQueryPageTest@568bf312]" name="setUp" is-config="true" duration-ms="77671" started-at="2019-09-25T16:47:48Z" finished-at="2019-09-25T16:49:06Z">
          <reporter-output>
          </reporter-output>
        </test-method> <!-- setUp -->
        <test-method status="PASS" signature="deleteQuery()[pri:6, instance:com.tdm.qa.testcases.SavedQueryPageTest@568bf312]" name="deleteQuery" duration-ms="60788" started-at="2019-09-25T16:49:06Z" finished-at="2019-09-25T16:50:07Z">
          <reporter-output>
          </reporter-output>
        </test-method> <!-- deleteQuery -->
        <test-method status="PASS" signature="tearDown()[pri:0, instance:com.tdm.qa.testcases.SavedQueryPageTest@568bf312]" name="tearDown" is-config="true" duration-ms="2002" started-at="2019-09-25T16:50:07Z" finished-at="2019-09-25T16:50:09Z">
          <reporter-output>
          </reporter-output>
        </test-method> <!-- tearDown -->
      </class> <!-- com.tdm.qa.testcases.SavedQueryPageTest -->
    </test> <!-- Default test -->
  </suite> <!-- Default suite -->
</testng-results>
