<?xml version="1.0" encoding="UTF-8"?>
<testng-results skipped="0" failed="0" total="1" passed="1">
  <reporter-output>
  </reporter-output>
  <suite name="Default suite" duration-ms="237423" started-at="2019-10-09T05:57:55Z" finished-at="2019-10-09T06:01:53Z">
    <groups>
    </groups>
    <test name="Default test" duration-ms="237423" started-at="2019-10-09T05:57:55Z" finished-at="2019-10-09T06:01:53Z">
      <class name="com.tdm.qa.testcases.AddNotifPageTest">
        <test-method status="PASS" signature="setUp()[pri:0, instance:com.tdm.qa.testcases.AddNotifPageTest@6a5fc7f7]" name="setUp" is-config="true" duration-ms="126766" started-at="2019-10-09T11:27:55Z" finished-at="2019-10-09T11:30:02Z">
          <reporter-output>
          </reporter-output>
        </test-method> <!-- setUp -->
        <test-method status="PASS" signature="addNotification()[pri:0, instance:com.tdm.qa.testcases.AddNotifPageTest@6a5fc7f7]" name="addNotification" duration-ms="108473" started-at="2019-10-09T11:30:02Z" finished-at="2019-10-09T11:31:50Z">
          <reporter-output>
          </reporter-output>
        </test-method> <!-- addNotification -->
        <test-method status="PASS" signature="tearDown()[pri:0, instance:com.tdm.qa.testcases.AddNotifPageTest@6a5fc7f7]" name="tearDown" is-config="true" duration-ms="2168" started-at="2019-10-09T11:31:50Z" finished-at="2019-10-09T11:31:53Z">
          <reporter-output>
          </reporter-output>
        </test-method> <!-- tearDown -->
      </class> <!-- com.tdm.qa.testcases.AddNotifPageTest -->
    </test> <!-- Default test -->
  </suite> <!-- Default suite -->
</testng-results>
