<?xml version="1.0" encoding="UTF-8"?>
<!-- Generated by org.testng.reporters.JUnitXMLReporter -->
<testsuite hostname="INLF6DLLH2" name="TDM Automation" tests="4" failures="0" timestamp="7 Oct 2019 09:12:51 GMT" time="302.056" errors="0">
  <testcase name="loginTest" time="39.815" classname="com.tdm.qa.testcases.LoginPageTest"/>
  <testcase name="verifyHomePage" time="0.332" classname="com.tdm.qa.testcases.HomePageTest"/>
  <testcase name="validateGoogleSearch" time="29.93" classname="com.tdm.qa.testcases.HomePageTest"/>
  <testcase name="validateNielsenSearch" time="29.167" classname="com.tdm.qa.testcases.HomePageTest"/>
</testsuite> <!-- TDM Automation -->
